test -f go.work || go work init
go work use .
go work use ./api
go work sync
test -s /home/jpodivin/repos/openstack-ansibleee-operator/bin/controller-gen && /home/jpodivin/repos/openstack-ansibleee-operator/bin/controller-gen --version | grep -q v0.11.1 || \
GOBIN=/home/jpodivin/repos/openstack-ansibleee-operator/bin go install sigs.k8s.io/controller-tools/cmd/controller-gen@v0.11.1
/home/jpodivin/repos/openstack-ansibleee-operator/bin/controller-gen rbac:roleName=manager-role crd:maxDescLen=0 webhook paths="./..." output:crd:artifacts:config=config/crd/bases && \
rm -rf api/bases && cp -a config/crd/bases api/
/home/jpodivin/repos/openstack-ansibleee-operator/bin/controller-gen object:headerFile="hack/boilerplate.go.txt" paths="./..."
go fmt ./...
go vet ./...
go vet ./api/...
test -s /home/jpodivin/repos/openstack-ansibleee-operator/bin/setup-envtest || GOBIN=/home/jpodivin/repos/openstack-ansibleee-operator/bin go install sigs.k8s.io/controller-runtime/tools/setup-envtest@latest
test -s /home/jpodivin/repos/openstack-ansibleee-operator/bin/ginkgo || GOBIN=/home/jpodivin/repos/openstack-ansibleee-operator/bin go install github.com/onsi/ginkgo/v2/ginkgo
KUBEBUILDER_ASSETS="/home/jpodivin/repos/openstack-ansibleee-operator/bin/k8s/1.28.3-linux-amd64" \
 /home/jpodivin/repos/openstack-ansibleee-operator/bin/ginkgo --trace --randomize-all --cover --coverpkg=./api/...,./controllers --coverprofile cover.out --covermode=atomic --procs 3 -v ./tests/functional/...
[38;5;9m[1mGinkgo detected a version mismatch between the Ginkgo CLI and the version of Ginkgo imported by your packages:[0m
  Ginkgo CLI Version:
    [1m2.14.0[0m
  Mismatched package versions found:
    [1m2.15.0[0m used by functional

  [38;5;243mGinkgo will continue to attempt to run but you may see errors (including flag
  parsing errors) and should either update your go.mod or your version of the
  Ginkgo CLI to match.

  To install the matching version of the CLI run
    [1mgo install github.com/onsi/ginkgo/v2/ginkgo[0m[38;5;243m
  from a path that contains a go.mod file.  Alternatively you can use
    [1mgo run github.com/onsi/ginkgo/v2/ginkgo[0m[38;5;243m
  from a path that contains a go.mod file to invoke the matching version of the
  Ginkgo CLI.

  If you are attempting to test multiple packages that each have a different
  version of the Ginkgo library with a single Ginkgo CLI that is currently
  unsupported.
  [0m
Running Suite: Controller Suite - /home/jpodivin/repos/openstack-ansibleee-operator/tests/functional
====================================================================================================
Random Seed: [1m1710430657[0m - will randomize all specs

Will run [1m7[0m of [1m7[0m specs
Running in parallel across [1m3[0m processes
[38;5;243m------------------------------[0m
[38;5;10m[BeforeSuite] PASSED [2.287 seconds][0m
[38;5;10m[1m[BeforeSuite] [0m
[38;5;243m/home/jpodivin/repos/openstack-ansibleee-operator/tests/functional/suite_test.go:74[0m

  [38;5;243mTimeline >>[0m
  [1mSTEP:[0m bootstrapping test environment [38;5;243m@ 03/14/24 16:37:39.115[0m
  2024-03-14T16:37:39+01:00	DEBUG	controller-runtime.test-env	starting control plane
  2024-03-14T16:37:41+01:00	DEBUG	controller-runtime.test-env	installing CRDs
  2024-03-14T16:37:41+01:00	DEBUG	controller-runtime.test-env	reading CRDs from path	{"path": "../../config/crd/bases"}
  2024-03-14T16:37:41+01:00	DEBUG	controller-runtime.test-env	read CRDs from file	{"file": "ansibleee.openstack.org_openstackansibleees.yaml"}
  2024-03-14T16:37:41+01:00	DEBUG	controller-runtime.test-env	installing CRD	{"crd": "openstackansibleees.ansibleee.openstack.org"}
  2024-03-14T16:37:41+01:00	DEBUG	controller-runtime.test-env	adding API in waitlist	{"GV": "ansibleee.openstack.org/v1beta1"}
  2024-03-14T16:37:41+01:00	DEBUG	controller-runtime.test-env	installing webhooks
  [38;5;243m<< Timeline[0m
[38;5;243m------------------------------[0m
[38;5;10m[BeforeSuite] PASSED [3.308 seconds][0m
[38;5;10m[1m[BeforeSuite] [0m
[38;5;243m/home/jpodivin/repos/openstack-ansibleee-operator/tests/functional/suite_test.go:74[0m

  [38;5;243mTimeline >>[0m
  [1mSTEP:[0m bootstrapping test environment [38;5;243m@ 03/14/24 16:37:39.115[0m
  2024-03-14T16:37:39+01:00	DEBUG	controller-runtime.test-env	starting control plane
  2024-03-14T16:37:42+01:00	DEBUG	controller-runtime.test-env	installing CRDs
  2024-03-14T16:37:42+01:00	DEBUG	controller-runtime.test-env	reading CRDs from path	{"path": "../../config/crd/bases"}
  2024-03-14T16:37:42+01:00	DEBUG	controller-runtime.test-env	read CRDs from file	{"file": "ansibleee.openstack.org_openstackansibleees.yaml"}
  2024-03-14T16:37:42+01:00	DEBUG	controller-runtime.test-env	installing CRD	{"crd": "openstackansibleees.ansibleee.openstack.org"}
  2024-03-14T16:37:42+01:00	DEBUG	controller-runtime.test-env	adding API in waitlist	{"GV": "ansibleee.openstack.org/v1beta1"}
  2024-03-14T16:37:42+01:00	DEBUG	controller-runtime.test-env	installing webhooks
  [38;5;243m<< Timeline[0m
[38;5;243m------------------------------[0m
[38;5;10m[BeforeSuite] PASSED [3.471 seconds][0m
[38;5;10m[1m[BeforeSuite] [0m
[38;5;243m/home/jpodivin/repos/openstack-ansibleee-operator/tests/functional/suite_test.go:74[0m

  [38;5;243mTimeline >>[0m
  [1mSTEP:[0m bootstrapping test environment [38;5;243m@ 03/14/24 16:37:39.116[0m
  2024-03-14T16:37:39+01:00	DEBUG	controller-runtime.test-env	starting control plane
  2024-03-14T16:37:42+01:00	DEBUG	controller-runtime.test-env	installing CRDs
  2024-03-14T16:37:42+01:00	DEBUG	controller-runtime.test-env	reading CRDs from path	{"path": "../../config/crd/bases"}
  2024-03-14T16:37:42+01:00	DEBUG	controller-runtime.test-env	read CRDs from file	{"file": "ansibleee.openstack.org_openstackansibleees.yaml"}
  2024-03-14T16:37:42+01:00	DEBUG	controller-runtime.test-env	installing CRD	{"crd": "openstackansibleees.ansibleee.openstack.org"}
  2024-03-14T16:37:42+01:00	DEBUG	controller-runtime.test-env	adding API in waitlist	{"GV": "ansibleee.openstack.org/v1beta1"}
  2024-03-14T16:37:42+01:00	DEBUG	controller-runtime.test-env	installing webhooks
  [38;5;243m<< Timeline[0m
[38;5;243m------------------------------[0m
[38;5;10m• [2.269 seconds][0m
[0mAnsibleee controller [38;5;243mwhen Ansibleee CR instance is created [0mwith extra vars [38;5;10m[1msets accepts extraVars as part of the spec[0m
[38;5;243m/home/jpodivin/repos/openstack-ansibleee-operator/tests/functional/ansibleee_controller_test.go:306[0m

  [38;5;243mTimeline >>[0m
  2024-03-14T16:37:41+01:00	INFO	---Test---	Creating	{"raw": {"apiVersion":"ansibleee.openstack.org/v1beta1","kind":"OpenStackAnsibleEE","metadata":{"name":"701d8546-86e4-45e8-9cc0-153ea2238c58","namespace":"e495d1d2-c443-4591-bb4c-9bb75b5b05f3"},"spec":{"cmdline":"","extraVars":{"fizz":{"buzz":true},"foo":"bar"},"image":"test-image","play":"","playbook":""}}}
  2024-03-14T16:37:41+01:00	INFO	Starting workers	{"controller": "openstackansibleee", "controllerGroup": "ansibleee.openstack.org", "controllerKind": "OpenStackAnsibleEE", "worker count": 1}
  2024-03-14T16:37:43+01:00	INFO	KubeAPIWarningLogger	unknown field "spec.cmdline"
  2024-03-14T16:37:43+01:00	INFO	---Test---	ExpectConditionWithDetails	{"type": "AnsibleExecutionJobReady", "expected status": "False", "on": {"name":"701d8546-86e4-45e8-9cc0-153ea2238c58","namespace":"e495d1d2-c443-4591-bb4c-9bb75b5b05f3"}}
  2024-03-14T16:37:43+01:00	INFO	Controllers.OpenStackAnsibleEE	Job ansibleee 701d8546-86e4-45e8-9cc0-153ea2238c58 - created	{"controller": "openstackansibleee", "controllerGroup": "ansibleee.openstack.org", "controllerKind": "OpenStackAnsibleEE", "OpenStackAnsibleEE": {"name":"701d8546-86e4-45e8-9cc0-153ea2238c58","namespace":"e495d1d2-c443-4591-bb4c-9bb75b5b05f3"}, "namespace": "e495d1d2-c443-4591-bb4c-9bb75b5b05f3", "name": "701d8546-86e4-45e8-9cc0-153ea2238c58", "reconcileID": "b487d486-daad-4322-8880-8847eec387c7"}
  2024-03-14T16:37:43+01:00	INFO	Controllers.OpenStackAnsibleEE	Job Status incomplete... requeuing	{"controller": "openstackansibleee", "controllerGroup": "ansibleee.openstack.org", "controllerKind": "OpenStackAnsibleEE", "OpenStackAnsibleEE": {"name":"701d8546-86e4-45e8-9cc0-153ea2238c58","namespace":"e495d1d2-c443-4591-bb4c-9bb75b5b05f3"}, "namespace": "e495d1d2-c443-4591-bb4c-9bb75b5b05f3", "name": "701d8546-86e4-45e8-9cc0-153ea2238c58", "reconcileID": "a0113587-4ebc-4f20-8514-6935fd50de53"}
  2024-03-14T16:37:43+01:00	INFO	Controllers.OpenStackAnsibleEE	Job Status incomplete... requeuing	{"controller": "openstackansibleee", "controllerGroup": "ansibleee.openstack.org", "controllerKind": "OpenStackAnsibleEE", "OpenStackAnsibleEE": {"name":"701d8546-86e4-45e8-9cc0-153ea2238c58","namespace":"e495d1d2-c443-4591-bb4c-9bb75b5b05f3"}, "namespace": "e495d1d2-c443-4591-bb4c-9bb75b5b05f3", "name": "701d8546-86e4-45e8-9cc0-153ea2238c58", "reconcileID": "e8abd60b-8785-4b14-bef5-a5c62e391b37"}
  2024-03-14T16:37:43+01:00	INFO	Controllers.OpenStackAnsibleEE	The hash of the job changed while the job was incomplete, waiting for the previous job to finish before re-run.	{"controller": "openstackansibleee", "controllerGroup": "ansibleee.openstack.org", "controllerKind": "OpenStackAnsibleEE", "OpenStackAnsibleEE": {"name":"701d8546-86e4-45e8-9cc0-153ea2238c58","namespace":"e495d1d2-c443-4591-bb4c-9bb75b5b05f3"}, "namespace": "e495d1d2-c443-4591-bb4c-9bb75b5b05f3", "name": "701d8546-86e4-45e8-9cc0-153ea2238c58", "reconcileID": "49453b98-64ca-4468-9d51-479ef27d8ad4"}
  2024-03-14T16:37:43+01:00	INFO	Controllers.OpenStackAnsibleEE	Job Status incomplete... requeuing	{"controller": "openstackansibleee", "controllerGroup": "ansibleee.openstack.org", "controllerKind": "OpenStackAnsibleEE", "OpenStackAnsibleEE": {"name":"701d8546-86e4-45e8-9cc0-153ea2238c58","namespace":"e495d1d2-c443-4591-bb4c-9bb75b5b05f3"}, "namespace": "e495d1d2-c443-4591-bb4c-9bb75b5b05f3", "name": "701d8546-86e4-45e8-9cc0-153ea2238c58", "reconcileID": "49453b98-64ca-4468-9d51-479ef27d8ad4"}
  2024-03-14T16:37:43+01:00	INFO	Controllers.OpenStackAnsibleEE	The hash of the job changed while the job was incomplete, waiting for the previous job to finish before re-run.	{"controller": "openstackansibleee", "controllerGroup": "ansibleee.openstack.org", "controllerKind": "OpenStackAnsibleEE", "OpenStackAnsibleEE": {"name":"701d8546-86e4-45e8-9cc0-153ea2238c58","namespace":"e495d1d2-c443-4591-bb4c-9bb75b5b05f3"}, "namespace": "e495d1d2-c443-4591-bb4c-9bb75b5b05f3", "name": "701d8546-86e4-45e8-9cc0-153ea2238c58", "reconcileID": "5d782bca-adb1-4bcd-a58b-3a6fe4dc27fe"}
  2024-03-14T16:37:43+01:00	INFO	Controllers.OpenStackAnsibleEE	Job Status incomplete... requeuing	{"controller": "openstackansibleee", "controllerGroup": "ansibleee.openstack.org", "controllerKind": "OpenStackAnsibleEE", "OpenStackAnsibleEE": {"name":"701d8546-86e4-45e8-9cc0-153ea2238c58","namespace":"e495d1d2-c443-4591-bb4c-9bb75b5b05f3"}, "namespace": "e495d1d2-c443-4591-bb4c-9bb75b5b05f3", "name": "701d8546-86e4-45e8-9cc0-153ea2238c58", "reconcileID": "5d782bca-adb1-4bcd-a58b-3a6fe4dc27fe"}
  2024-03-14T16:37:43+01:00	INFO	---Test---	ExpectConditionWithDetails succeeded	{"type": "AnsibleExecutionJobReady", "expected status": "False", "on": {"name":"701d8546-86e4-45e8-9cc0-153ea2238c58","namespace":"e495d1d2-c443-4591-bb4c-9bb75b5b05f3"}}
  2024-03-14T16:37:43+01:00	INFO	---Test---	Deleting	{"Name": "701d8546-86e4-45e8-9cc0-153ea2238c58", "Namespace": "e495d1d2-c443-4591-bb4c-9bb75b5b05f3", "Kind": {"apiVersion":"ansibleee.openstack.org/v1beta1","kind":"OpenStackAnsibleEE","metadata":{"creationTimestamp":"2024-03-14T15:37:43Z","generation":1,"managedFields":[{"apiVersion":"ansibleee.openstack.org/v1beta1","fieldsType":"FieldsV1","fieldsV1":{"f:spec":{".":{},"f:backoffLimit":{},"f:envConfigMapName":{},"f:extraVars":{".":{},"f:fizz":{".":{},"f:buzz":{}},"f:foo":{}},"f:image":{},"f:name":{},"f:play":{},"f:playbook":{},"f:preserveJobs":{},"f:restartPolicy":{},"f:uid":{}}},"manager":"functional.test","operation":"Update","time":"2024-03-14T15:37:43Z"}],"name":"701d8546-86e4-45e8-9cc0-153ea2238c58","namespace":"e495d1d2-c443-4591-bb4c-9bb75b5b05f3","resourceVersion":"198","uid":"67e1cb29-bf5c-4766-b3e0-c23ae216c7af"},"spec":{"backoffLimit":6,"envConfigMapName":"openstack-aee-default-env","extraVars":{"fizz":{"buzz":true},"foo":"bar"},"image":"test-image","name":"openstackansibleee","play":"","playbook":"","preserveJobs":true,"restartPolicy":"Never","uid":1001}}}
  2024-03-14T16:37:43+01:00	INFO	Controllers.OpenStackAnsibleEE	OpenStackAnsibleEE resource not found. Ignoring since object must be deleted	{"controller": "openstackansibleee", "controllerGroup": "ansibleee.openstack.org", "controllerKind": "OpenStackAnsibleEE", "OpenStackAnsibleEE": {"name":"701d8546-86e4-45e8-9cc0-153ea2238c58","namespace":"e495d1d2-c443-4591-bb4c-9bb75b5b05f3"}, "namespace": "e495d1d2-c443-4591-bb4c-9bb75b5b05f3", "name": "701d8546-86e4-45e8-9cc0-153ea2238c58", "reconcileID": "014180ce-5852-48b7-9a3d-72fd5a3c7fdf"}
  2024-03-14T16:37:43+01:00	INFO	---Test---	Deleted	{"Name": "701d8546-86e4-45e8-9cc0-153ea2238c58", "Namespace": "e495d1d2-c443-4591-bb4c-9bb75b5b05f3", "Kind": "OpenStackAnsibleEE"}
  [38;5;243m<< Timeline[0m
[38;5;243m------------------------------[0m
[38;5;10m• [0.299 seconds][0m
[0mAnsibleee controller [38;5;243mwhen Ansibleee CR instance is created [0mwith an inline play [38;5;10m[1mruns a job and reports if it fails[0m
[38;5;243m/home/jpodivin/repos/openstack-ansibleee-operator/tests/functional/ansibleee_controller_test.go:253[0m

  [38;5;243mTimeline >>[0m
  2024-03-14T16:37:43+01:00	INFO	---Test---	Creating	{"raw": {"apiVersion":"ansibleee.openstack.org/v1beta1","kind":"OpenStackAnsibleEE","metadata":{"name":"4beb8527-8368-4d40-819f-b6dfce835118","namespace":"f78a1707-4109-4d4b-a438-6c0369c3f7e6"},"spec":{"cmdline":"","extraVars":{},"image":"test-image","play":"\n- name: Print hello world\n  hosts: all\n  tasks:\n    - name: Using debug statement\n      ansible.builtin.debug:\n        msg: \"Hello, world this is ansibleee-play.yaml\"","playbook":""}}}
  2024-03-14T16:37:43+01:00	INFO	---Test---	ExpectConditionWithDetails	{"type": "AnsibleExecutionJobReady", "expected status": "False", "on": {"name":"4beb8527-8368-4d40-819f-b6dfce835118","namespace":"f78a1707-4109-4d4b-a438-6c0369c3f7e6"}}
  2024-03-14T16:37:43+01:00	INFO	Controllers.OpenStackAnsibleEE	Job ansibleee 4beb8527-8368-4d40-819f-b6dfce835118 - created	{"controller": "openstackansibleee", "controllerGroup": "ansibleee.openstack.org", "controllerKind": "OpenStackAnsibleEE", "OpenStackAnsibleEE": {"name":"4beb8527-8368-4d40-819f-b6dfce835118","namespace":"f78a1707-4109-4d4b-a438-6c0369c3f7e6"}, "namespace": "f78a1707-4109-4d4b-a438-6c0369c3f7e6", "name": "4beb8527-8368-4d40-819f-b6dfce835118", "reconcileID": "e07c10b7-3a48-4214-81d8-a5f78f641838"}
  2024-03-14T16:37:43+01:00	INFO	Controllers.OpenStackAnsibleEE	Job Status incomplete... requeuing	{"controller": "openstackansibleee", "controllerGroup": "ansibleee.openstack.org", "controllerKind": "OpenStackAnsibleEE", "OpenStackAnsibleEE": {"name":"4beb8527-8368-4d40-819f-b6dfce835118","namespace":"f78a1707-4109-4d4b-a438-6c0369c3f7e6"}, "namespace": "f78a1707-4109-4d4b-a438-6c0369c3f7e6", "name": "4beb8527-8368-4d40-819f-b6dfce835118", "reconcileID": "da6df2f5-0f85-4999-8202-5e35bee312bb"}
  2024-03-14T16:37:43+01:00	INFO	Controllers.OpenStackAnsibleEE	Job Status incomplete... requeuing	{"controller": "openstackansibleee", "controllerGroup": "ansibleee.openstack.org", "controllerKind": "OpenStackAnsibleEE", "OpenStackAnsibleEE": {"name":"4beb8527-8368-4d40-819f-b6dfce835118","namespace":"f78a1707-4109-4d4b-a438-6c0369c3f7e6"}, "namespace": "f78a1707-4109-4d4b-a438-6c0369c3f7e6", "name": "4beb8527-8368-4d40-819f-b6dfce835118", "reconcileID": "c48a6687-6c49-4160-84c2-2109f989fee1"}
  2024-03-14T16:37:43+01:00	INFO	---Test---	ExpectConditionWithDetails succeeded	{"type": "AnsibleExecutionJobReady", "expected status": "False", "on": {"name":"4beb8527-8368-4d40-819f-b6dfce835118","namespace":"f78a1707-4109-4d4b-a438-6c0369c3f7e6"}}
  2024-03-14T16:37:43+01:00	INFO	---Test---	ExpectCondition	{"type": "Ready", "expected status": "False", "on": {"name":"4beb8527-8368-4d40-819f-b6dfce835118","namespace":"f78a1707-4109-4d4b-a438-6c0369c3f7e6"}}
  2024-03-14T16:37:43+01:00	INFO	---Test---	ExpectCondition succeeded	{"type": "Ready", "expected status": "False", "on": {"name":"4beb8527-8368-4d40-819f-b6dfce835118","namespace":"f78a1707-4109-4d4b-a438-6c0369c3f7e6"}}
  2024-03-14T16:37:43+01:00	INFO	---Test---	Simulated Job failure	{"on": {"name":"4beb8527-8368-4d40-819f-b6dfce835118","namespace":"f78a1707-4109-4d4b-a438-6c0369c3f7e6"}}
  2024-03-14T16:37:43+01:00	INFO	---Test---	ExpectConditionWithDetails	{"type": "AnsibleExecutionJobReady", "expected status": "False", "on": {"name":"4beb8527-8368-4d40-819f-b6dfce835118","namespace":"f78a1707-4109-4d4b-a438-6c0369c3f7e6"}}
  2024-03-14T16:37:43+01:00	INFO	Controllers.OpenStackAnsibleEE	Job Status Failed	{"controller": "openstackansibleee", "controllerGroup": "ansibleee.openstack.org", "controllerKind": "OpenStackAnsibleEE", "OpenStackAnsibleEE": {"name":"4beb8527-8368-4d40-819f-b6dfce835118","namespace":"f78a1707-4109-4d4b-a438-6c0369c3f7e6"}, "namespace": "f78a1707-4109-4d4b-a438-6c0369c3f7e6", "name": "4beb8527-8368-4d40-819f-b6dfce835118", "reconcileID": "42e67c67-eb36-4841-ba1c-381ebe16ad60"}
  2024-03-14T16:37:43+01:00	ERROR	Reconciler error	{"controller": "openstackansibleee", "controllerGroup": "ansibleee.openstack.org", "controllerKind": "OpenStackAnsibleEE", "OpenStackAnsibleEE": {"name":"4beb8527-8368-4d40-819f-b6dfce835118","namespace":"f78a1707-4109-4d4b-a438-6c0369c3f7e6"}, "namespace": "f78a1707-4109-4d4b-a438-6c0369c3f7e6", "name": "4beb8527-8368-4d40-819f-b6dfce835118", "reconcileID": "42e67c67-eb36-4841-ba1c-381ebe16ad60", "error": "Internal error occurred: Job Failed. Check job logs"}
  sigs.k8s.io/controller-runtime/pkg/internal/controller.(*Controller).reconcileHandler
  	/home/jpodivin/go/pkg/mod/sigs.k8s.io/controller-runtime@v0.16.5/pkg/internal/controller/controller.go:329
  sigs.k8s.io/controller-runtime/pkg/internal/controller.(*Controller).processNextWorkItem
  	/home/jpodivin/go/pkg/mod/sigs.k8s.io/controller-runtime@v0.16.5/pkg/internal/controller/controller.go:266
  sigs.k8s.io/controller-runtime/pkg/internal/controller.(*Controller).Start.func2.2
  	/home/jpodivin/go/pkg/mod/sigs.k8s.io/controller-runtime@v0.16.5/pkg/internal/controller/controller.go:227
  2024-03-14T16:37:43+01:00	INFO	Controllers.OpenStackAnsibleEE	Job Status Failed	{"controller": "openstackansibleee", "controllerGroup": "ansibleee.openstack.org", "controllerKind": "OpenStackAnsibleEE", "OpenStackAnsibleEE": {"name":"4beb8527-8368-4d40-819f-b6dfce835118","namespace":"f78a1707-4109-4d4b-a438-6c0369c3f7e6"}, "namespace": "f78a1707-4109-4d4b-a438-6c0369c3f7e6", "name": "4beb8527-8368-4d40-819f-b6dfce835118", "reconcileID": "9b9368e0-7204-498e-9f9d-e3b4e9f931a8"}
  2024-03-14T16:37:43+01:00	ERROR	Reconciler error	{"controller": "openstackansibleee", "controllerGroup": "ansibleee.openstack.org", "controllerKind": "OpenStackAnsibleEE", "OpenStackAnsibleEE": {"name":"4beb8527-8368-4d40-819f-b6dfce835118","namespace":"f78a1707-4109-4d4b-a438-6c0369c3f7e6"}, "namespace": "f78a1707-4109-4d4b-a438-6c0369c3f7e6", "name": "4beb8527-8368-4d40-819f-b6dfce835118", "reconcileID": "9b9368e0-7204-498e-9f9d-e3b4e9f931a8", "error": "Internal error occurred: Job Failed. Check job logs"}
  sigs.k8s.io/controller-runtime/pkg/internal/controller.(*Controller).reconcileHandler
  	/home/jpodivin/go/pkg/mod/sigs.k8s.io/controller-runtime@v0.16.5/pkg/internal/controller/controller.go:329
  sigs.k8s.io/controller-runtime/pkg/internal/controller.(*Controller).processNextWorkItem
  	/home/jpodivin/go/pkg/mod/sigs.k8s.io/controller-runtime@v0.16.5/pkg/internal/controller/controller.go:266
  sigs.k8s.io/controller-runtime/pkg/internal/controller.(*Controller).Start.func2.2
  	/home/jpodivin/go/pkg/mod/sigs.k8s.io/controller-runtime@v0.16.5/pkg/internal/controller/controller.go:227
  2024-03-14T16:37:43+01:00	INFO	Controllers.OpenStackAnsibleEE	Job Status Failed	{"controller": "openstackansibleee", "controllerGroup": "ansibleee.openstack.org", "controllerKind": "OpenStackAnsibleEE", "OpenStackAnsibleEE": {"name":"4beb8527-8368-4d40-819f-b6dfce835118","namespace":"f78a1707-4109-4d4b-a438-6c0369c3f7e6"}, "namespace": "f78a1707-4109-4d4b-a438-6c0369c3f7e6", "name": "4beb8527-8368-4d40-819f-b6dfce835118", "reconcileID": "202a1c17-d9c6-4a61-a740-2299fde83b6b"}
  2024-03-14T16:37:43+01:00	ERROR	Reconciler error	{"controller": "openstackansibleee", "controllerGroup": "ansibleee.openstack.org", "controllerKind": "OpenStackAnsibleEE", "OpenStackAnsibleEE": {"name":"4beb8527-8368-4d40-819f-b6dfce835118","namespace":"f78a1707-4109-4d4b-a438-6c0369c3f7e6"}, "namespace": "f78a1707-4109-4d4b-a438-6c0369c3f7e6", "name": "4beb8527-8368-4d40-819f-b6dfce835118", "reconcileID": "202a1c17-d9c6-4a61-a740-2299fde83b6b", "error": "Internal error occurred: Job Failed. Check job logs"}
  sigs.k8s.io/controller-runtime/pkg/internal/controller.(*Controller).reconcileHandler
  	/home/jpodivin/go/pkg/mod/sigs.k8s.io/controller-runtime@v0.16.5/pkg/internal/controller/controller.go:329
  sigs.k8s.io/controller-runtime/pkg/internal/controller.(*Controller).processNextWorkItem
  	/home/jpodivin/go/pkg/mod/sigs.k8s.io/controller-runtime@v0.16.5/pkg/internal/controller/controller.go:266
  sigs.k8s.io/controller-runtime/pkg/internal/controller.(*Controller).Start.func2.2
  	/home/jpodivin/go/pkg/mod/sigs.k8s.io/controller-runtime@v0.16.5/pkg/internal/controller/controller.go:227
  2024-03-14T16:37:43+01:00	INFO	Controllers.OpenStackAnsibleEE	Job Status Failed	{"controller": "openstackansibleee", "controllerGroup": "ansibleee.openstack.org", "controllerKind": "OpenStackAnsibleEE", "OpenStackAnsibleEE": {"name":"4beb8527-8368-4d40-819f-b6dfce835118","namespace":"f78a1707-4109-4d4b-a438-6c0369c3f7e6"}, "namespace": "f78a1707-4109-4d4b-a438-6c0369c3f7e6", "name": "4beb8527-8368-4d40-819f-b6dfce835118", "reconcileID": "a3933bdd-e617-4e52-ba44-d971f42e479c"}
  2024-03-14T16:37:43+01:00	ERROR	Reconciler error	{"controller": "openstackansibleee", "controllerGroup": "ansibleee.openstack.org", "controllerKind": "OpenStackAnsibleEE", "OpenStackAnsibleEE": {"name":"4beb8527-8368-4d40-819f-b6dfce835118","namespace":"f78a1707-4109-4d4b-a438-6c0369c3f7e6"}, "namespace": "f78a1707-4109-4d4b-a438-6c0369c3f7e6", "name": "4beb8527-8368-4d40-819f-b6dfce835118", "reconcileID": "a3933bdd-e617-4e52-ba44-d971f42e479c", "error": "Internal error occurred: Job Failed. Check job logs"}
  sigs.k8s.io/controller-runtime/pkg/internal/controller.(*Controller).reconcileHandler
  	/home/jpodivin/go/pkg/mod/sigs.k8s.io/controller-runtime@v0.16.5/pkg/internal/controller/controller.go:329
  sigs.k8s.io/controller-runtime/pkg/internal/controller.(*Controller).processNextWorkItem
  	/home/jpodivin/go/pkg/mod/sigs.k8s.io/controller-runtime@v0.16.5/pkg/internal/controller/controller.go:266
  sigs.k8s.io/controller-runtime/pkg/internal/controller.(*Controller).Start.func2.2
  	/home/jpodivin/go/pkg/mod/sigs.k8s.io/controller-runtime@v0.16.5/pkg/internal/controller/controller.go:227
  2024-03-14T16:37:43+01:00	INFO	Controllers.OpenStackAnsibleEE	Job Status Failed	{"controller": "openstackansibleee", "controllerGroup": "ansibleee.openstack.org", "controllerKind": "OpenStackAnsibleEE", "OpenStackAnsibleEE": {"name":"4beb8527-8368-4d40-819f-b6dfce835118","namespace":"f78a1707-4109-4d4b-a438-6c0369c3f7e6"}, "namespace": "f78a1707-4109-4d4b-a438-6c0369c3f7e6", "name": "4beb8527-8368-4d40-819f-b6dfce835118", "reconcileID": "599ffdda-3661-43ee-86be-6dcd1d47ba05"}
  2024-03-14T16:37:43+01:00	ERROR	Reconciler error	{"controller": "openstackansibleee", "controllerGroup": "ansibleee.openstack.org", "controllerKind": "OpenStackAnsibleEE", "OpenStackAnsibleEE": {"name":"4beb8527-8368-4d40-819f-b6dfce835118","namespace":"f78a1707-4109-4d4b-a438-6c0369c3f7e6"}, "namespace": "f78a1707-4109-4d4b-a438-6c0369c3f7e6", "name": "4beb8527-8368-4d40-819f-b6dfce835118", "reconcileID": "599ffdda-3661-43ee-86be-6dcd1d47ba05", "error": "Internal error occurred: Job Failed. Check job logs"}
  sigs.k8s.io/controller-runtime/pkg/internal/controller.(*Controller).reconcileHandler
  	/home/jpodivin/go/pkg/mod/sigs.k8s.io/controller-runtime@v0.16.5/pkg/internal/controller/controller.go:329
  sigs.k8s.io/controller-runtime/pkg/internal/controller.(*Controller).processNextWorkItem
  	/home/jpodivin/go/pkg/mod/sigs.k8s.io/controller-runtime@v0.16.5/pkg/internal/controller/controller.go:266
  sigs.k8s.io/controller-runtime/pkg/internal/controller.(*Controller).Start.func2.2
  	/home/jpodivin/go/pkg/mod/sigs.k8s.io/controller-runtime@v0.16.5/pkg/internal/controller/controller.go:227
  2024-03-14T16:37:43+01:00	INFO	Controllers.OpenStackAnsibleEE	Job Status Failed	{"controller": "openstackansibleee", "controllerGroup": "ansibleee.openstack.org", "controllerKind": "OpenStackAnsibleEE", "OpenStackAnsibleEE": {"name":"4beb8527-8368-4d40-819f-b6dfce835118","namespace":"f78a1707-4109-4d4b-a438-6c0369c3f7e6"}, "namespace": "f78a1707-4109-4d4b-a438-6c0369c3f7e6", "name": "4beb8527-8368-4d40-819f-b6dfce835118", "reconcileID": "28db6135-0091-46d7-be25-6d5e3722024c"}
  2024-03-14T16:37:43+01:00	ERROR	Reconciler error	{"controller": "openstackansibleee", "controllerGroup": "ansibleee.openstack.org", "controllerKind": "OpenStackAnsibleEE", "OpenStackAnsibleEE": {"name":"4beb8527-8368-4d40-819f-b6dfce835118","namespace":"f78a1707-4109-4d4b-a438-6c0369c3f7e6"}, "namespace": "f78a1707-4109-4d4b-a438-6c0369c3f7e6", "name": "4beb8527-8368-4d40-819f-b6dfce835118", "reconcileID": "28db6135-0091-46d7-be25-6d5e3722024c", "error": "Internal error occurred: Job Failed. Check job logs"}
  sigs.k8s.io/controller-runtime/pkg/internal/controller.(*Controller).reconcileHandler
  	/home/jpodivin/go/pkg/mod/sigs.k8s.io/controller-runtime@v0.16.5/pkg/internal/controller/controller.go:329
  sigs.k8s.io/controller-runtime/pkg/internal/controller.(*Controller).processNextWorkItem
  	/home/jpodivin/go/pkg/mod/sigs.k8s.io/controller-runtime@v0.16.5/pkg/internal/controller/controller.go:266
  sigs.k8s.io/controller-runtime/pkg/internal/controller.(*Controller).Start.func2.2
  	/home/jpodivin/go/pkg/mod/sigs.k8s.io/controller-runtime@v0.16.5/pkg/internal/controller/controller.go:227
  2024-03-14T16:37:43+01:00	INFO	Controllers.OpenStackAnsibleEE	Job Status Failed	{"controller": "openstackansibleee", "controllerGroup": "ansibleee.openstack.org", "controllerKind": "OpenStackAnsibleEE", "OpenStackAnsibleEE": {"name":"4beb8527-8368-4d40-819f-b6dfce835118","namespace":"f78a1707-4109-4d4b-a438-6c0369c3f7e6"}, "namespace": "f78a1707-4109-4d4b-a438-6c0369c3f7e6", "name": "4beb8527-8368-4d40-819f-b6dfce835118", "reconcileID": "b5402376-f272-4e94-81fe-1d8a583372b3"}
  2024-03-14T16:37:43+01:00	ERROR	Reconciler error	{"controller": "openstackansibleee", "controllerGroup": "ansibleee.openstack.org", "controllerKind": "OpenStackAnsibleEE", "OpenStackAnsibleEE": {"name":"4beb8527-8368-4d40-819f-b6dfce835118","namespace":"f78a1707-4109-4d4b-a438-6c0369c3f7e6"}, "namespace": "f78a1707-4109-4d4b-a438-6c0369c3f7e6", "name": "4beb8527-8368-4d40-819f-b6dfce835118", "reconcileID": "b5402376-f272-4e94-81fe-1d8a583372b3", "error": "Internal error occurred: Job Failed. Check job logs"}
  sigs.k8s.io/controller-runtime/pkg/internal/controller.(*Controller).reconcileHandler
  	/home/jpodivin/go/pkg/mod/sigs.k8s.io/controller-runtime@v0.16.5/pkg/internal/controller/controller.go:329
  sigs.k8s.io/controller-runtime/pkg/internal/controller.(*Controller).processNextWorkItem
  	/home/jpodivin/go/pkg/mod/sigs.k8s.io/controller-runtime@v0.16.5/pkg/internal/controller/controller.go:266
  sigs.k8s.io/controller-runtime/pkg/internal/controller.(*Controller).Start.func2.2
  	/home/jpodivin/go/pkg/mod/sigs.k8s.io/controller-runtime@v0.16.5/pkg/internal/controller/controller.go:227
  2024-03-14T16:37:43+01:00	INFO	---Test---	ExpectConditionWithDetails succeeded	{"type": "AnsibleExecutionJobReady", "expected status": "False", "on": {"name":"4beb8527-8368-4d40-819f-b6dfce835118","namespace":"f78a1707-4109-4d4b-a438-6c0369c3f7e6"}}
  2024-03-14T16:37:43+01:00	INFO	---Test---	ExpectCondition	{"type": "Ready", "expected status": "False", "on": {"name":"4beb8527-8368-4d40-819f-b6dfce835118","namespace":"f78a1707-4109-4d4b-a438-6c0369c3f7e6"}}
  2024-03-14T16:37:43+01:00	INFO	---Test---	ExpectCondition succeeded	{"type": "Ready", "expected status": "False", "on": {"name":"4beb8527-8368-4d40-819f-b6dfce835118","namespace":"f78a1707-4109-4d4b-a438-6c0369c3f7e6"}}
  2024-03-14T16:37:43+01:00	INFO	---Test---	Deleting	{"Name": "4beb8527-8368-4d40-819f-b6dfce835118", "Namespace": "f78a1707-4109-4d4b-a438-6c0369c3f7e6", "Kind": {"apiVersion":"ansibleee.openstack.org/v1beta1","kind":"OpenStackAnsibleEE","metadata":{"creationTimestamp":"2024-03-14T15:37:43Z","generation":1,"managedFields":[{"apiVersion":"ansibleee.openstack.org/v1beta1","fieldsType":"FieldsV1","fieldsV1":{"f:spec":{".":{},"f:backoffLimit":{},"f:envConfigMapName":{},"f:extraVars":{},"f:image":{},"f:name":{},"f:play":{},"f:playbook":{},"f:preserveJobs":{},"f:restartPolicy":{},"f:uid":{}}},"manager":"functional.test","operation":"Update","time":"2024-03-14T15:37:43Z"}],"name":"4beb8527-8368-4d40-819f-b6dfce835118","namespace":"f78a1707-4109-4d4b-a438-6c0369c3f7e6","resourceVersion":"208","uid":"318e8ab7-99da-4e13-8919-9fbf97d7c995"},"spec":{"backoffLimit":6,"envConfigMapName":"openstack-aee-default-env","extraVars":{},"image":"test-image","name":"openstackansibleee","play":"\n- name: Print hello world\n  hosts: all\n  tasks:\n    - name: Using debug statement\n      ansible.builtin.debug:\n        msg: \"Hello, world this is ansibleee-play.yaml\"","playbook":"","preserveJobs":true,"restartPolicy":"Never","uid":1001}}}
  2024-03-14T16:37:43+01:00	INFO	Controllers.OpenStackAnsibleEE	Job Status Failed	{"controller": "openstackansibleee", "controllerGroup": "ansibleee.openstack.org", "controllerKind": "OpenStackAnsibleEE", "OpenStackAnsibleEE": {"name":"4beb8527-8368-4d40-819f-b6dfce835118","namespace":"f78a1707-4109-4d4b-a438-6c0369c3f7e6"}, "namespace": "f78a1707-4109-4d4b-a438-6c0369c3f7e6", "name": "4beb8527-8368-4d40-819f-b6dfce835118", "reconcileID": "6bb7f435-bbd3-4099-b2ad-eb1dd678ca6d"}
  2024-03-14T16:37:43+01:00	INFO	---Test---	Deleted	{"Name": "4beb8527-8368-4d40-819f-b6dfce835118", "Namespace": "f78a1707-4109-4d4b-a438-6c0369c3f7e6", "Kind": "OpenStackAnsibleEE"}
  2024-03-14T16:37:43+01:00	ERROR	Reconciler error	{"controller": "openstackansibleee", "controllerGroup": "ansibleee.openstack.org", "controllerKind": "OpenStackAnsibleEE", "OpenStackAnsibleEE": {"name":"4beb8527-8368-4d40-819f-b6dfce835118","namespace":"f78a1707-4109-4d4b-a438-6c0369c3f7e6"}, "namespace": "f78a1707-4109-4d4b-a438-6c0369c3f7e6", "name": "4beb8527-8368-4d40-819f-b6dfce835118", "reconcileID": "6bb7f435-bbd3-4099-b2ad-eb1dd678ca6d", "error": "Internal error occurred: Job Failed. Check job logs"}
  sigs.k8s.io/controller-runtime/pkg/internal/controller.(*Controller).reconcileHandler
  	/home/jpodivin/go/pkg/mod/sigs.k8s.io/controller-runtime@v0.16.5/pkg/internal/controller/controller.go:329
  sigs.k8s.io/controller-runtime/pkg/internal/controller.(*Controller).processNextWorkItem
  	/home/jpodivin/go/pkg/mod/sigs.k8s.io/controller-runtime@v0.16.5/pkg/internal/controller/controller.go:266
  sigs.k8s.io/controller-runtime/pkg/internal/controller.(*Controller).Start.func2.2
  	/home/jpodivin/go/pkg/mod/sigs.k8s.io/controller-runtime@v0.16.5/pkg/internal/controller/controller.go:227
  2024-03-14T16:37:43+01:00	INFO	Controllers.OpenStackAnsibleEE	OpenStackAnsibleEE resource not found. Ignoring since object must be deleted	{"controller": "openstackansibleee", "controllerGroup": "ansibleee.openstack.org", "controllerKind": "OpenStackAnsibleEE", "OpenStackAnsibleEE": {"name":"4beb8527-8368-4d40-819f-b6dfce835118","namespace":"f78a1707-4109-4d4b-a438-6c0369c3f7e6"}, "namespace": "f78a1707-4109-4d4b-a438-6c0369c3f7e6", "name": "4beb8527-8368-4d40-819f-b6dfce835118", "reconcileID": "31f0189d-7939-4bd6-a37c-b86a349c6413"}
  [38;5;243m<< Timeline[0m
[38;5;243m------------------------------[0m
[38;5;10m• [0.303 seconds][0m
[0mAnsibleee controller [38;5;243mwhen Ansibleee CR instance is created [0min a normal mode [38;5;10m[1mruns a job and reports if it fails[0m
[38;5;243m/home/jpodivin/repos/openstack-ansibleee-operator/tests/functional/ansibleee_controller_test.go:79[0m

  [38;5;243mTimeline >>[0m
  2024-03-14T16:37:43+01:00	INFO	---Test---	Creating	{"raw": {"apiVersion":"ansibleee.openstack.org/v1beta1","kind":"OpenStackAnsibleEE","metadata":{"name":"55623046-a94e-49f6-b4cd-91bf67d4ff25","namespace":"7649c2ab-9897-4437-9105-53e92b3253b8"},"spec":{"image":"test-image"}}}
  2024-03-14T16:37:43+01:00	INFO	---Test---	ExpectConditionWithDetails	{"type": "AnsibleExecutionJobReady", "expected status": "False", "on": {"name":"55623046-a94e-49f6-b4cd-91bf67d4ff25","namespace":"7649c2ab-9897-4437-9105-53e92b3253b8"}}
  2024-03-14T16:37:44+01:00	INFO	Controllers.OpenStackAnsibleEE	Job ansibleee 55623046-a94e-49f6-b4cd-91bf67d4ff25 - created	{"controller": "openstackansibleee", "controllerGroup": "ansibleee.openstack.org", "controllerKind": "OpenStackAnsibleEE", "OpenStackAnsibleEE": {"name":"55623046-a94e-49f6-b4cd-91bf67d4ff25","namespace":"7649c2ab-9897-4437-9105-53e92b3253b8"}, "namespace": "7649c2ab-9897-4437-9105-53e92b3253b8", "name": "55623046-a94e-49f6-b4cd-91bf67d4ff25", "reconcileID": "10c32c11-7059-4574-9283-7497762a165a"}
  2024-03-14T16:37:44+01:00	INFO	Controllers.OpenStackAnsibleEE	Job Status incomplete... requeuing	{"controller": "openstackansibleee", "controllerGroup": "ansibleee.openstack.org", "controllerKind": "OpenStackAnsibleEE", "OpenStackAnsibleEE": {"name":"55623046-a94e-49f6-b4cd-91bf67d4ff25","namespace":"7649c2ab-9897-4437-9105-53e92b3253b8"}, "namespace": "7649c2ab-9897-4437-9105-53e92b3253b8", "name": "55623046-a94e-49f6-b4cd-91bf67d4ff25", "reconcileID": "991e2e04-7e7d-49c2-9a44-9450bb758b37"}
  2024-03-14T16:37:44+01:00	INFO	---Test---	ExpectConditionWithDetails succeeded	{"type": "AnsibleExecutionJobReady", "expected status": "False", "on": {"name":"55623046-a94e-49f6-b4cd-91bf67d4ff25","namespace":"7649c2ab-9897-4437-9105-53e92b3253b8"}}
  2024-03-14T16:37:44+01:00	INFO	---Test---	ExpectCondition	{"type": "Ready", "expected status": "False", "on": {"name":"55623046-a94e-49f6-b4cd-91bf67d4ff25","namespace":"7649c2ab-9897-4437-9105-53e92b3253b8"}}
  2024-03-14T16:37:44+01:00	INFO	---Test---	ExpectCondition succeeded	{"type": "Ready", "expected status": "False", "on": {"name":"55623046-a94e-49f6-b4cd-91bf67d4ff25","namespace":"7649c2ab-9897-4437-9105-53e92b3253b8"}}
  2024-03-14T16:37:44+01:00	INFO	---Test---	Simulated Job failure	{"on": {"name":"55623046-a94e-49f6-b4cd-91bf67d4ff25","namespace":"7649c2ab-9897-4437-9105-53e92b3253b8"}}
  2024-03-14T16:37:44+01:00	INFO	---Test---	ExpectConditionWithDetails	{"type": "AnsibleExecutionJobReady", "expected status": "False", "on": {"name":"55623046-a94e-49f6-b4cd-91bf67d4ff25","namespace":"7649c2ab-9897-4437-9105-53e92b3253b8"}}
  2024-03-14T16:37:44+01:00	INFO	Controllers.OpenStackAnsibleEE	Job Status Failed	{"controller": "openstackansibleee", "controllerGroup": "ansibleee.openstack.org", "controllerKind": "OpenStackAnsibleEE", "OpenStackAnsibleEE": {"name":"55623046-a94e-49f6-b4cd-91bf67d4ff25","namespace":"7649c2ab-9897-4437-9105-53e92b3253b8"}, "namespace": "7649c2ab-9897-4437-9105-53e92b3253b8", "name": "55623046-a94e-49f6-b4cd-91bf67d4ff25", "reconcileID": "cdddff90-36e2-40f0-b302-5fa3a7976371"}
  2024-03-14T16:37:44+01:00	ERROR	Reconciler error	{"controller": "openstackansibleee", "controllerGroup": "ansibleee.openstack.org", "controllerKind": "OpenStackAnsibleEE", "OpenStackAnsibleEE": {"name":"55623046-a94e-49f6-b4cd-91bf67d4ff25","namespace":"7649c2ab-9897-4437-9105-53e92b3253b8"}, "namespace": "7649c2ab-9897-4437-9105-53e92b3253b8", "name": "55623046-a94e-49f6-b4cd-91bf67d4ff25", "reconcileID": "cdddff90-36e2-40f0-b302-5fa3a7976371", "error": "Internal error occurred: Job Failed. Check job logs"}
  sigs.k8s.io/controller-runtime/pkg/internal/controller.(*Controller).reconcileHandler
  	/home/jpodivin/go/pkg/mod/sigs.k8s.io/controller-runtime@v0.16.5/pkg/internal/controller/controller.go:329
  sigs.k8s.io/controller-runtime/pkg/internal/controller.(*Controller).processNextWorkItem
  	/home/jpodivin/go/pkg/mod/sigs.k8s.io/controller-runtime@v0.16.5/pkg/internal/controller/controller.go:266
  sigs.k8s.io/controller-runtime/pkg/internal/controller.(*Controller).Start.func2.2
  	/home/jpodivin/go/pkg/mod/sigs.k8s.io/controller-runtime@v0.16.5/pkg/internal/controller/controller.go:227
  2024-03-14T16:37:44+01:00	INFO	Controllers.OpenStackAnsibleEE	Job Status Failed	{"controller": "openstackansibleee", "controllerGroup": "ansibleee.openstack.org", "controllerKind": "OpenStackAnsibleEE", "OpenStackAnsibleEE": {"name":"55623046-a94e-49f6-b4cd-91bf67d4ff25","namespace":"7649c2ab-9897-4437-9105-53e92b3253b8"}, "namespace": "7649c2ab-9897-4437-9105-53e92b3253b8", "name": "55623046-a94e-49f6-b4cd-91bf67d4ff25", "reconcileID": "14a537d5-bcb6-43a9-b56f-a9fee0c434e9"}
  2024-03-14T16:37:44+01:00	ERROR	Reconciler error	{"controller": "openstackansibleee", "controllerGroup": "ansibleee.openstack.org", "controllerKind": "OpenStackAnsibleEE", "OpenStackAnsibleEE": {"name":"55623046-a94e-49f6-b4cd-91bf67d4ff25","namespace":"7649c2ab-9897-4437-9105-53e92b3253b8"}, "namespace": "7649c2ab-9897-4437-9105-53e92b3253b8", "name": "55623046-a94e-49f6-b4cd-91bf67d4ff25", "reconcileID": "14a537d5-bcb6-43a9-b56f-a9fee0c434e9", "error": "Internal error occurred: Job Failed. Check job logs"}
  sigs.k8s.io/controller-runtime/pkg/internal/controller.(*Controller).reconcileHandler
  	/home/jpodivin/go/pkg/mod/sigs.k8s.io/controller-runtime@v0.16.5/pkg/internal/controller/controller.go:329
  sigs.k8s.io/controller-runtime/pkg/internal/controller.(*Controller).processNextWorkItem
  	/home/jpodivin/go/pkg/mod/sigs.k8s.io/controller-runtime@v0.16.5/pkg/internal/controller/controller.go:266
  sigs.k8s.io/controller-runtime/pkg/internal/controller.(*Controller).Start.func2.2
  	/home/jpodivin/go/pkg/mod/sigs.k8s.io/controller-runtime@v0.16.5/pkg/internal/controller/controller.go:227
  2024-03-14T16:37:44+01:00	INFO	Controllers.OpenStackAnsibleEE	Job Status Failed	{"controller": "openstackansibleee", "controllerGroup": "ansibleee.openstack.org", "controllerKind": "OpenStackAnsibleEE", "OpenStackAnsibleEE": {"name":"55623046-a94e-49f6-b4cd-91bf67d4ff25","namespace":"7649c2ab-9897-4437-9105-53e92b3253b8"}, "namespace": "7649c2ab-9897-4437-9105-53e92b3253b8", "name": "55623046-a94e-49f6-b4cd-91bf67d4ff25", "reconcileID": "24382f0b-c241-46ff-b550-be48a2511930"}
  2024-03-14T16:37:44+01:00	ERROR	Reconciler error	{"controller": "openstackansibleee", "controllerGroup": "ansibleee.openstack.org", "controllerKind": "OpenStackAnsibleEE", "OpenStackAnsibleEE": {"name":"55623046-a94e-49f6-b4cd-91bf67d4ff25","namespace":"7649c2ab-9897-4437-9105-53e92b3253b8"}, "namespace": "7649c2ab-9897-4437-9105-53e92b3253b8", "name": "55623046-a94e-49f6-b4cd-91bf67d4ff25", "reconcileID": "24382f0b-c241-46ff-b550-be48a2511930", "error": "Internal error occurred: Job Failed. Check job logs"}
  sigs.k8s.io/controller-runtime/pkg/internal/controller.(*Controller).reconcileHandler
  	/home/jpodivin/go/pkg/mod/sigs.k8s.io/controller-runtime@v0.16.5/pkg/internal/controller/controller.go:329
  sigs.k8s.io/controller-runtime/pkg/internal/controller.(*Controller).processNextWorkItem
  	/home/jpodivin/go/pkg/mod/sigs.k8s.io/controller-runtime@v0.16.5/pkg/internal/controller/controller.go:266
  sigs.k8s.io/controller-runtime/pkg/internal/controller.(*Controller).Start.func2.2
  	/home/jpodivin/go/pkg/mod/sigs.k8s.io/controller-runtime@v0.16.5/pkg/internal/controller/controller.go:227
  2024-03-14T16:37:44+01:00	INFO	Controllers.OpenStackAnsibleEE	Job Status Failed	{"controller": "openstackansibleee", "controllerGroup": "ansibleee.openstack.org", "controllerKind": "OpenStackAnsibleEE", "OpenStackAnsibleEE": {"name":"55623046-a94e-49f6-b4cd-91bf67d4ff25","namespace":"7649c2ab-9897-4437-9105-53e92b3253b8"}, "namespace": "7649c2ab-9897-4437-9105-53e92b3253b8", "name": "55623046-a94e-49f6-b4cd-91bf67d4ff25", "reconcileID": "dfef49b3-2a78-491a-84f7-f4bc9d1ac85c"}
  2024-03-14T16:37:44+01:00	ERROR	Reconciler error	{"controller": "openstackansibleee", "controllerGroup": "ansibleee.openstack.org", "controllerKind": "OpenStackAnsibleEE", "OpenStackAnsibleEE": {"name":"55623046-a94e-49f6-b4cd-91bf67d4ff25","namespace":"7649c2ab-9897-4437-9105-53e92b3253b8"}, "namespace": "7649c2ab-9897-4437-9105-53e92b3253b8", "name": "55623046-a94e-49f6-b4cd-91bf67d4ff25", "reconcileID": "dfef49b3-2a78-491a-84f7-f4bc9d1ac85c", "error": "Internal error occurred: Job Failed. Check job logs"}
  sigs.k8s.io/controller-runtime/pkg/internal/controller.(*Controller).reconcileHandler
  	/home/jpodivin/go/pkg/mod/sigs.k8s.io/controller-runtime@v0.16.5/pkg/internal/controller/controller.go:329
  sigs.k8s.io/controller-runtime/pkg/internal/controller.(*Controller).processNextWorkItem
  	/home/jpodivin/go/pkg/mod/sigs.k8s.io/controller-runtime@v0.16.5/pkg/internal/controller/controller.go:266
  sigs.k8s.io/controller-runtime/pkg/internal/controller.(*Controller).Start.func2.2
  	/home/jpodivin/go/pkg/mod/sigs.k8s.io/controller-runtime@v0.16.5/pkg/internal/controller/controller.go:227
  2024-03-14T16:37:44+01:00	INFO	Controllers.OpenStackAnsibleEE	Job Status Failed	{"controller": "openstackansibleee", "controllerGroup": "ansibleee.openstack.org", "controllerKind": "OpenStackAnsibleEE", "OpenStackAnsibleEE": {"name":"55623046-a94e-49f6-b4cd-91bf67d4ff25","namespace":"7649c2ab-9897-4437-9105-53e92b3253b8"}, "namespace": "7649c2ab-9897-4437-9105-53e92b3253b8", "name": "55623046-a94e-49f6-b4cd-91bf67d4ff25", "reconcileID": "b02305b6-f67b-4d50-a3db-9e4b3421eb45"}
  2024-03-14T16:37:44+01:00	ERROR	Reconciler error	{"controller": "openstackansibleee", "controllerGroup": "ansibleee.openstack.org", "controllerKind": "OpenStackAnsibleEE", "OpenStackAnsibleEE": {"name":"55623046-a94e-49f6-b4cd-91bf67d4ff25","namespace":"7649c2ab-9897-4437-9105-53e92b3253b8"}, "namespace": "7649c2ab-9897-4437-9105-53e92b3253b8", "name": "55623046-a94e-49f6-b4cd-91bf67d4ff25", "reconcileID": "b02305b6-f67b-4d50-a3db-9e4b3421eb45", "error": "Internal error occurred: Job Failed. Check job logs"}
  sigs.k8s.io/controller-runtime/pkg/internal/controller.(*Controller).reconcileHandler
  	/home/jpodivin/go/pkg/mod/sigs.k8s.io/controller-runtime@v0.16.5/pkg/internal/controller/controller.go:329
  sigs.k8s.io/controller-runtime/pkg/internal/controller.(*Controller).processNextWorkItem
  	/home/jpodivin/go/pkg/mod/sigs.k8s.io/controller-runtime@v0.16.5/pkg/internal/controller/controller.go:266
  sigs.k8s.io/controller-runtime/pkg/internal/controller.(*Controller).Start.func2.2
  	/home/jpodivin/go/pkg/mod/sigs.k8s.io/controller-runtime@v0.16.5/pkg/internal/controller/controller.go:227
  2024-03-14T16:37:44+01:00	INFO	---Test---	ExpectConditionWithDetails succeeded	{"type": "AnsibleExecutionJobReady", "expected status": "False", "on": {"name":"55623046-a94e-49f6-b4cd-91bf67d4ff25","namespace":"7649c2ab-9897-4437-9105-53e92b3253b8"}}
  2024-03-14T16:37:44+01:00	INFO	---Test---	ExpectCondition	{"type": "Ready", "expected status": "False", "on": {"name":"55623046-a94e-49f6-b4cd-91bf67d4ff25","namespace":"7649c2ab-9897-4437-9105-53e92b3253b8"}}
  2024-03-14T16:37:44+01:00	INFO	---Test---	ExpectCondition succeeded	{"type": "Ready", "expected status": "False", "on": {"name":"55623046-a94e-49f6-b4cd-91bf67d4ff25","namespace":"7649c2ab-9897-4437-9105-53e92b3253b8"}}
  2024-03-14T16:37:44+01:00	INFO	---Test---	Deleting	{"Name": "55623046-a94e-49f6-b4cd-91bf67d4ff25", "Namespace": "7649c2ab-9897-4437-9105-53e92b3253b8", "Kind": {"apiVersion":"ansibleee.openstack.org/v1beta1","kind":"OpenStackAnsibleEE","metadata":{"creationTimestamp":"2024-03-14T15:37:43Z","generation":1,"managedFields":[{"apiVersion":"ansibleee.openstack.org/v1beta1","fieldsType":"FieldsV1","fieldsV1":{"f:spec":{".":{},"f:backoffLimit":{},"f:envConfigMapName":{},"f:image":{},"f:name":{},"f:preserveJobs":{},"f:restartPolicy":{},"f:uid":{}}},"manager":"functional.test","operation":"Update","time":"2024-03-14T15:37:43Z"}],"name":"55623046-a94e-49f6-b4cd-91bf67d4ff25","namespace":"7649c2ab-9897-4437-9105-53e92b3253b8","resourceVersion":"221","uid":"655fe5d8-c562-4a4d-822b-e38d6af6baac"},"spec":{"backoffLimit":6,"envConfigMapName":"openstack-aee-default-env","image":"test-image","name":"openstackansibleee","preserveJobs":true,"restartPolicy":"Never","uid":1001}}}
  2024-03-14T16:37:44+01:00	INFO	Controllers.OpenStackAnsibleEE	OpenStackAnsibleEE resource not found. Ignoring since object must be deleted	{"controller": "openstackansibleee", "controllerGroup": "ansibleee.openstack.org", "controllerKind": "OpenStackAnsibleEE", "OpenStackAnsibleEE": {"name":"55623046-a94e-49f6-b4cd-91bf67d4ff25","namespace":"7649c2ab-9897-4437-9105-53e92b3253b8"}, "namespace": "7649c2ab-9897-4437-9105-53e92b3253b8", "name": "55623046-a94e-49f6-b4cd-91bf67d4ff25", "reconcileID": "683965a3-dead-4d14-bf54-e700a333192d"}
  2024-03-14T16:37:44+01:00	INFO	---Test---	Deleted	{"Name": "55623046-a94e-49f6-b4cd-91bf67d4ff25", "Namespace": "7649c2ab-9897-4437-9105-53e92b3253b8", "Kind": "OpenStackAnsibleEE"}
  [38;5;243m<< Timeline[0m
[38;5;243m------------------------------[0m
[38;5;10m• [0.141 seconds][0m
[0mAnsibleee controller [38;5;243mwhen Ansibleee CR instance is created [0mwith invalid playbook name/path [38;5;10m[1mruns a job and reports when it succeeds[0m
[38;5;243m/home/jpodivin/repos/openstack-ansibleee-operator/tests/functional/ansibleee_controller_test.go:196[0m

  [38;5;243mTimeline >>[0m
  2024-03-14T16:37:44+01:00	INFO	---Test---	Creating	{"raw": {"apiVersion":"ansibleee.openstack.org/v1beta1","kind":"OpenStackAnsibleEE","metadata":{"name":"3a66d2dd-0c83-4b3f-a9d7-49d16e47731a","namespace":"22493141-0455-45ed-a2d7-614afe449482"},"spec":{"cmdline":"","extraVars":{},"image":"test-image","play":"","playbook":"/"}}}
  2024-03-14T16:37:44+01:00	INFO	---Test---	ExpectConditionWithDetails	{"type": "AnsibleExecutionJobReady", "expected status": "Unknown", "on": {"name":"3a66d2dd-0c83-4b3f-a9d7-49d16e47731a","namespace":"22493141-0455-45ed-a2d7-614afe449482"}}
  2024-03-14T16:37:44+01:00	INFO	Controllers.OpenStackAnsibleEE	OpenStackAnsibleEE resource not found. Ignoring since object must be deleted	{"controller": "openstackansibleee", "controllerGroup": "ansibleee.openstack.org", "controllerKind": "OpenStackAnsibleEE", "OpenStackAnsibleEE": {"name":"55623046-a94e-49f6-b4cd-91bf67d4ff25","namespace":"7649c2ab-9897-4437-9105-53e92b3253b8"}, "namespace": "7649c2ab-9897-4437-9105-53e92b3253b8", "name": "55623046-a94e-49f6-b4cd-91bf67d4ff25", "reconcileID": "3f64069c-1239-40f9-be52-485179dcf0d5"}
  2024-03-14T16:37:44+01:00	ERROR	Reconciler error	{"controller": "openstackansibleee", "controllerGroup": "ansibleee.openstack.org", "controllerKind": "OpenStackAnsibleEE", "OpenStackAnsibleEE": {"name":"3a66d2dd-0c83-4b3f-a9d7-49d16e47731a","namespace":"22493141-0455-45ed-a2d7-614afe449482"}, "namespace": "22493141-0455-45ed-a2d7-614afe449482", "name": "3a66d2dd-0c83-4b3f-a9d7-49d16e47731a", "reconcileID": "8eda9307-e94f-4bd2-a7ca-a9e10260d28f", "error": "error checking sanity of playbook name/path: / Key: '' Error:Field validation for '' failed on the 'filepath' tag"}
  sigs.k8s.io/controller-runtime/pkg/internal/controller.(*Controller).reconcileHandler
  	/home/jpodivin/go/pkg/mod/sigs.k8s.io/controller-runtime@v0.16.5/pkg/internal/controller/controller.go:329
  sigs.k8s.io/controller-runtime/pkg/internal/controller.(*Controller).processNextWorkItem
  	/home/jpodivin/go/pkg/mod/sigs.k8s.io/controller-runtime@v0.16.5/pkg/internal/controller/controller.go:266
  sigs.k8s.io/controller-runtime/pkg/internal/controller.(*Controller).Start.func2.2
  	/home/jpodivin/go/pkg/mod/sigs.k8s.io/controller-runtime@v0.16.5/pkg/internal/controller/controller.go:227
  2024-03-14T16:37:44+01:00	ERROR	Reconciler error	{"controller": "openstackansibleee", "controllerGroup": "ansibleee.openstack.org", "controllerKind": "OpenStackAnsibleEE", "OpenStackAnsibleEE": {"name":"3a66d2dd-0c83-4b3f-a9d7-49d16e47731a","namespace":"22493141-0455-45ed-a2d7-614afe449482"}, "namespace": "22493141-0455-45ed-a2d7-614afe449482", "name": "3a66d2dd-0c83-4b3f-a9d7-49d16e47731a", "reconcileID": "e12d0738-0cc0-4d59-8c20-707d88f6d99f", "error": "error checking sanity of playbook name/path: / Key: '' Error:Field validation for '' failed on the 'filepath' tag"}
  sigs.k8s.io/controller-runtime/pkg/internal/controller.(*Controller).reconcileHandler
  	/home/jpodivin/go/pkg/mod/sigs.k8s.io/controller-runtime@v0.16.5/pkg/internal/controller/controller.go:329
  sigs.k8s.io/controller-runtime/pkg/internal/controller.(*Controller).processNextWorkItem
  	/home/jpodivin/go/pkg/mod/sigs.k8s.io/controller-runtime@v0.16.5/pkg/internal/controller/controller.go:266
  sigs.k8s.io/controller-runtime/pkg/internal/controller.(*Controller).Start.func2.2
  	/home/jpodivin/go/pkg/mod/sigs.k8s.io/controller-runtime@v0.16.5/pkg/internal/controller/controller.go:227
  2024-03-14T16:37:44+01:00	ERROR	Reconciler error	{"controller": "openstackansibleee", "controllerGroup": "ansibleee.openstack.org", "controllerKind": "OpenStackAnsibleEE", "OpenStackAnsibleEE": {"name":"3a66d2dd-0c83-4b3f-a9d7-49d16e47731a","namespace":"22493141-0455-45ed-a2d7-614afe449482"}, "namespace": "22493141-0455-45ed-a2d7-614afe449482", "name": "3a66d2dd-0c83-4b3f-a9d7-49d16e47731a", "reconcileID": "11cb69da-a5ed-431c-a157-824f70a8850f", "error": "error checking sanity of playbook name/path: / Key: '' Error:Field validation for '' failed on the 'filepath' tag"}
  sigs.k8s.io/controller-runtime/pkg/internal/controller.(*Controller).reconcileHandler
  	/home/jpodivin/go/pkg/mod/sigs.k8s.io/controller-runtime@v0.16.5/pkg/internal/controller/controller.go:329
  sigs.k8s.io/controller-runtime/pkg/internal/controller.(*Controller).processNextWorkItem
  	/home/jpodivin/go/pkg/mod/sigs.k8s.io/controller-runtime@v0.16.5/pkg/internal/controller/controller.go:266
  sigs.k8s.io/controller-runtime/pkg/internal/controller.(*Controller).Start.func2.2
  	/home/jpodivin/go/pkg/mod/sigs.k8s.io/controller-runtime@v0.16.5/pkg/internal/controller/controller.go:227
  2024-03-14T16:37:44+01:00	ERROR	Reconciler error	{"controller": "openstackansibleee", "controllerGroup": "ansibleee.openstack.org", "controllerKind": "OpenStackAnsibleEE", "OpenStackAnsibleEE": {"name":"3a66d2dd-0c83-4b3f-a9d7-49d16e47731a","namespace":"22493141-0455-45ed-a2d7-614afe449482"}, "namespace": "22493141-0455-45ed-a2d7-614afe449482", "name": "3a66d2dd-0c83-4b3f-a9d7-49d16e47731a", "reconcileID": "b92baa96-e081-4dff-bee5-9baf2b281cfa", "error": "error checking sanity of playbook name/path: / Key: '' Error:Field validation for '' failed on the 'filepath' tag"}
  sigs.k8s.io/controller-runtime/pkg/internal/controller.(*Controller).reconcileHandler
  	/home/jpodivin/go/pkg/mod/sigs.k8s.io/controller-runtime@v0.16.5/pkg/internal/controller/controller.go:329
  sigs.k8s.io/controller-runtime/pkg/internal/controller.(*Controller).processNextWorkItem
  	/home/jpodivin/go/pkg/mod/sigs.k8s.io/controller-runtime@v0.16.5/pkg/internal/controller/controller.go:266
  sigs.k8s.io/controller-runtime/pkg/internal/controller.(*Controller).Start.func2.2
  	/home/jpodivin/go/pkg/mod/sigs.k8s.io/controller-runtime@v0.16.5/pkg/internal/controller/controller.go:227
  2024-03-14T16:37:44+01:00	ERROR	Reconciler error	{"controller": "openstackansibleee", "controllerGroup": "ansibleee.openstack.org", "controllerKind": "OpenStackAnsibleEE", "OpenStackAnsibleEE": {"name":"3a66d2dd-0c83-4b3f-a9d7-49d16e47731a","namespace":"22493141-0455-45ed-a2d7-614afe449482"}, "namespace": "22493141-0455-45ed-a2d7-614afe449482", "name": "3a66d2dd-0c83-4b3f-a9d7-49d16e47731a", "reconcileID": "db66ad91-5bfe-4da7-b81c-acbf75fbf9f8", "error": "error checking sanity of playbook name/path: / Key: '' Error:Field validation for '' failed on the 'filepath' tag"}
  sigs.k8s.io/controller-runtime/pkg/internal/controller.(*Controller).reconcileHandler
  	/home/jpodivin/go/pkg/mod/sigs.k8s.io/controller-runtime@v0.16.5/pkg/internal/controller/controller.go:329
  sigs.k8s.io/controller-runtime/pkg/internal/controller.(*Controller).processNextWorkItem
  	/home/jpodivin/go/pkg/mod/sigs.k8s.io/controller-runtime@v0.16.5/pkg/internal/controller/controller.go:266
  sigs.k8s.io/controller-runtime/pkg/internal/controller.(*Controller).Start.func2.2
  	/home/jpodivin/go/pkg/mod/sigs.k8s.io/controller-runtime@v0.16.5/pkg/internal/controller/controller.go:227
  2024-03-14T16:37:44+01:00	INFO	---Test---	ExpectConditionWithDetails succeeded	{"type": "AnsibleExecutionJobReady", "expected status": "Unknown", "on": {"name":"3a66d2dd-0c83-4b3f-a9d7-49d16e47731a","namespace":"22493141-0455-45ed-a2d7-614afe449482"}}
  2024-03-14T16:37:44+01:00	INFO	---Test---	Deleting	{"Name": "3a66d2dd-0c83-4b3f-a9d7-49d16e47731a", "Namespace": "22493141-0455-45ed-a2d7-614afe449482", "Kind": {"apiVersion":"ansibleee.openstack.org/v1beta1","kind":"OpenStackAnsibleEE","metadata":{"creationTimestamp":"2024-03-14T15:37:44Z","generation":1,"managedFields":[{"apiVersion":"ansibleee.openstack.org/v1beta1","fieldsType":"FieldsV1","fieldsV1":{"f:spec":{".":{},"f:backoffLimit":{},"f:envConfigMapName":{},"f:extraVars":{},"f:image":{},"f:name":{},"f:play":{},"f:playbook":{},"f:preserveJobs":{},"f:restartPolicy":{},"f:uid":{}}},"manager":"functional.test","operation":"Update","time":"2024-03-14T15:37:44Z"}],"name":"3a66d2dd-0c83-4b3f-a9d7-49d16e47731a","namespace":"22493141-0455-45ed-a2d7-614afe449482","resourceVersion":"230","uid":"544bd19f-41f7-4aef-bbd8-1e675327fc6f"},"spec":{"backoffLimit":6,"envConfigMapName":"openstack-aee-default-env","extraVars":{},"image":"test-image","name":"openstackansibleee","play":"","playbook":"/","preserveJobs":true,"restartPolicy":"Never","uid":1001}}}
  2024-03-14T16:37:44+01:00	INFO	Controllers.OpenStackAnsibleEE	OpenStackAnsibleEE resource not found. Ignoring since object must be deleted	{"controller": "openstackansibleee", "controllerGroup": "ansibleee.openstack.org", "controllerKind": "OpenStackAnsibleEE", "OpenStackAnsibleEE": {"name":"3a66d2dd-0c83-4b3f-a9d7-49d16e47731a","namespace":"22493141-0455-45ed-a2d7-614afe449482"}, "namespace": "22493141-0455-45ed-a2d7-614afe449482", "name": "3a66d2dd-0c83-4b3f-a9d7-49d16e47731a", "reconcileID": "44e33d25-04c0-4f8f-b826-8a83781d1fe2"}
  2024-03-14T16:37:44+01:00	INFO	---Test---	Deleted	{"Name": "3a66d2dd-0c83-4b3f-a9d7-49d16e47731a", "Namespace": "22493141-0455-45ed-a2d7-614afe449482", "Kind": "OpenStackAnsibleEE"}
  [38;5;243m<< Timeline[0m
[38;5;243m------------------------------[0m
[38;5;10m• [0.308 seconds][0m
[0mAnsibleee controller [38;5;243mwhen Ansibleee CR instance is created [0mwith an inline play [38;5;10m[1mruns a job and reports when it succeeds[0m
[38;5;243m/home/jpodivin/repos/openstack-ansibleee-operator/tests/functional/ansibleee_controller_test.go:213[0m

  [38;5;243mTimeline >>[0m
  2024-03-14T16:37:44+01:00	INFO	---Test---	Creating	{"raw": {"apiVersion":"ansibleee.openstack.org/v1beta1","kind":"OpenStackAnsibleEE","metadata":{"name":"4eeca52e-e510-4a33-8a7d-9193f7d4d682","namespace":"30755683-f585-455f-b666-122770bddee8"},"spec":{"cmdline":"","extraVars":{},"image":"test-image","play":"\n- name: Print hello world\n  hosts: all\n  tasks:\n    - name: Using debug statement\n      ansible.builtin.debug:\n        msg: \"Hello, world this is ansibleee-play.yaml\"","playbook":""}}}
  2024-03-14T16:37:44+01:00	INFO	---Test---	ExpectConditionWithDetails	{"type": "AnsibleExecutionJobReady", "expected status": "False", "on": {"name":"4eeca52e-e510-4a33-8a7d-9193f7d4d682","namespace":"30755683-f585-455f-b666-122770bddee8"}}
  2024-03-14T16:37:44+01:00	INFO	Controllers.OpenStackAnsibleEE	OpenStackAnsibleEE resource not found. Ignoring since object must be deleted	{"controller": "openstackansibleee", "controllerGroup": "ansibleee.openstack.org", "controllerKind": "OpenStackAnsibleEE", "OpenStackAnsibleEE": {"name":"3a66d2dd-0c83-4b3f-a9d7-49d16e47731a","namespace":"22493141-0455-45ed-a2d7-614afe449482"}, "namespace": "22493141-0455-45ed-a2d7-614afe449482", "name": "3a66d2dd-0c83-4b3f-a9d7-49d16e47731a", "reconcileID": "7985874f-f464-4a9c-9e89-9a66571c99c0"}
  2024-03-14T16:37:44+01:00	INFO	Controllers.OpenStackAnsibleEE	Job ansibleee 4eeca52e-e510-4a33-8a7d-9193f7d4d682 - created	{"controller": "openstackansibleee", "controllerGroup": "ansibleee.openstack.org", "controllerKind": "OpenStackAnsibleEE", "OpenStackAnsibleEE": {"name":"4eeca52e-e510-4a33-8a7d-9193f7d4d682","namespace":"30755683-f585-455f-b666-122770bddee8"}, "namespace": "30755683-f585-455f-b666-122770bddee8", "name": "4eeca52e-e510-4a33-8a7d-9193f7d4d682", "reconcileID": "604eb210-168a-472f-a77a-f5fd434ae86e"}
  2024-03-14T16:37:44+01:00	INFO	Controllers.OpenStackAnsibleEE	Job Status incomplete... requeuing	{"controller": "openstackansibleee", "controllerGroup": "ansibleee.openstack.org", "controllerKind": "OpenStackAnsibleEE", "OpenStackAnsibleEE": {"name":"4eeca52e-e510-4a33-8a7d-9193f7d4d682","namespace":"30755683-f585-455f-b666-122770bddee8"}, "namespace": "30755683-f585-455f-b666-122770bddee8", "name": "4eeca52e-e510-4a33-8a7d-9193f7d4d682", "reconcileID": "9c351e51-80a9-4e2c-bce3-4ad52ef9038f"}
  2024-03-14T16:37:44+01:00	INFO	Controllers.OpenStackAnsibleEE	Job Status incomplete... requeuing	{"controller": "openstackansibleee", "controllerGroup": "ansibleee.openstack.org", "controllerKind": "OpenStackAnsibleEE", "OpenStackAnsibleEE": {"name":"4eeca52e-e510-4a33-8a7d-9193f7d4d682","namespace":"30755683-f585-455f-b666-122770bddee8"}, "namespace": "30755683-f585-455f-b666-122770bddee8", "name": "4eeca52e-e510-4a33-8a7d-9193f7d4d682", "reconcileID": "34f2f67e-72a0-40fa-8328-99bc3921cf94"}
  2024-03-14T16:37:44+01:00	INFO	---Test---	ExpectConditionWithDetails succeeded	{"type": "AnsibleExecutionJobReady", "expected status": "False", "on": {"name":"4eeca52e-e510-4a33-8a7d-9193f7d4d682","namespace":"30755683-f585-455f-b666-122770bddee8"}}
  2024-03-14T16:37:44+01:00	INFO	---Test---	ExpectCondition	{"type": "Ready", "expected status": "False", "on": {"name":"4eeca52e-e510-4a33-8a7d-9193f7d4d682","namespace":"30755683-f585-455f-b666-122770bddee8"}}
  2024-03-14T16:37:44+01:00	INFO	---Test---	ExpectCondition succeeded	{"type": "Ready", "expected status": "False", "on": {"name":"4eeca52e-e510-4a33-8a7d-9193f7d4d682","namespace":"30755683-f585-455f-b666-122770bddee8"}}
  2024-03-14T16:37:44+01:00	INFO	---Test---	Simulated Job success	{"on": {"name":"4eeca52e-e510-4a33-8a7d-9193f7d4d682","namespace":"30755683-f585-455f-b666-122770bddee8"}}
  2024-03-14T16:37:44+01:00	INFO	---Test---	ExpectCondition	{"type": "AnsibleExecutionJobReady", "expected status": "True", "on": {"name":"4eeca52e-e510-4a33-8a7d-9193f7d4d682","namespace":"30755683-f585-455f-b666-122770bddee8"}}
  2024-03-14T16:37:44+01:00	INFO	Controllers.OpenStackAnsibleEE	Job Status Successful	{"controller": "openstackansibleee", "controllerGroup": "ansibleee.openstack.org", "controllerKind": "OpenStackAnsibleEE", "OpenStackAnsibleEE": {"name":"4eeca52e-e510-4a33-8a7d-9193f7d4d682","namespace":"30755683-f585-455f-b666-122770bddee8"}, "namespace": "30755683-f585-455f-b666-122770bddee8", "name": "4eeca52e-e510-4a33-8a7d-9193f7d4d682", "reconcileID": "91a88d3e-5475-4d91-a90c-5426c045684a"}
  2024-03-14T16:37:44+01:00	INFO	Controllers.OpenStackAnsibleEE	AnsibleEE CR '4eeca52e-e510-4a33-8a7d-9193f7d4d682' - Job 4eeca52e-e510-4a33-8a7d-9193f7d4d682 hash added - n7fhd5hb8h5b9h586h555hd5h595h689h5c5hf7h646h658h79h5d7h9h559h665h656hdch56fh5f5hb6h5b6h694h7dh65h8h67bh67fh57dh658q	{"controller": "openstackansibleee", "controllerGroup": "ansibleee.openstack.org", "controllerKind": "OpenStackAnsibleEE", "OpenStackAnsibleEE": {"name":"4eeca52e-e510-4a33-8a7d-9193f7d4d682","namespace":"30755683-f585-455f-b666-122770bddee8"}, "namespace": "30755683-f585-455f-b666-122770bddee8", "name": "4eeca52e-e510-4a33-8a7d-9193f7d4d682", "reconcileID": "91a88d3e-5475-4d91-a90c-5426c045684a"}
  2024-03-14T16:37:44+01:00	INFO	Controllers.OpenStackAnsibleEE	Reconciled AnsibleEE '4eeca52e-e510-4a33-8a7d-9193f7d4d682' successfully	{"controller": "openstackansibleee", "controllerGroup": "ansibleee.openstack.org", "controllerKind": "OpenStackAnsibleEE", "OpenStackAnsibleEE": {"name":"4eeca52e-e510-4a33-8a7d-9193f7d4d682","namespace":"30755683-f585-455f-b666-122770bddee8"}, "namespace": "30755683-f585-455f-b666-122770bddee8", "name": "4eeca52e-e510-4a33-8a7d-9193f7d4d682", "reconcileID": "91a88d3e-5475-4d91-a90c-5426c045684a"}
  2024-03-14T16:37:44+01:00	INFO	Controllers.OpenStackAnsibleEE	Reconciled AnsibleEE '4eeca52e-e510-4a33-8a7d-9193f7d4d682' successfully	{"controller": "openstackansibleee", "controllerGroup": "ansibleee.openstack.org", "controllerKind": "OpenStackAnsibleEE", "OpenStackAnsibleEE": {"name":"4eeca52e-e510-4a33-8a7d-9193f7d4d682","namespace":"30755683-f585-455f-b666-122770bddee8"}, "namespace": "30755683-f585-455f-b666-122770bddee8", "name": "4eeca52e-e510-4a33-8a7d-9193f7d4d682", "reconcileID": "6a82d628-013c-4692-adc3-ab7d066d6eb6"}
  2024-03-14T16:37:44+01:00	INFO	Controllers.OpenStackAnsibleEE	OpenStackAnsibleEE resource not found. Ignoring since object must be deleted	{"controller": "openstackansibleee", "controllerGroup": "ansibleee.openstack.org", "controllerKind": "OpenStackAnsibleEE", "OpenStackAnsibleEE": {"name":"4beb8527-8368-4d40-819f-b6dfce835118","namespace":"f78a1707-4109-4d4b-a438-6c0369c3f7e6"}, "namespace": "f78a1707-4109-4d4b-a438-6c0369c3f7e6", "name": "4beb8527-8368-4d40-819f-b6dfce835118", "reconcileID": "3d906378-6c9c-4cb3-b8af-a26ff31a75f2"}
  2024-03-14T16:37:44+01:00	INFO	---Test---	ExpectCondition succeeded	{"type": "AnsibleExecutionJobReady", "expected status": "True", "on": {"name":"4eeca52e-e510-4a33-8a7d-9193f7d4d682","namespace":"30755683-f585-455f-b666-122770bddee8"}}
  2024-03-14T16:37:44+01:00	INFO	---Test---	ExpectCondition	{"type": "Ready", "expected status": "True", "on": {"name":"4eeca52e-e510-4a33-8a7d-9193f7d4d682","namespace":"30755683-f585-455f-b666-122770bddee8"}}
  2024-03-14T16:37:44+01:00	INFO	---Test---	ExpectCondition succeeded	{"type": "Ready", "expected status": "True", "on": {"name":"4eeca52e-e510-4a33-8a7d-9193f7d4d682","namespace":"30755683-f585-455f-b666-122770bddee8"}}
  2024-03-14T16:37:44+01:00	INFO	---Test---	Deleting	{"Name": "4eeca52e-e510-4a33-8a7d-9193f7d4d682", "Namespace": "30755683-f585-455f-b666-122770bddee8", "Kind": {"apiVersion":"ansibleee.openstack.org/v1beta1","kind":"OpenStackAnsibleEE","metadata":{"creationTimestamp":"2024-03-14T15:37:44Z","generation":1,"managedFields":[{"apiVersion":"ansibleee.openstack.org/v1beta1","fieldsType":"FieldsV1","fieldsV1":{"f:spec":{".":{},"f:backoffLimit":{},"f:envConfigMapName":{},"f:extraVars":{},"f:image":{},"f:name":{},"f:play":{},"f:playbook":{},"f:preserveJobs":{},"f:restartPolicy":{},"f:uid":{}}},"manager":"functional.test","operation":"Update","time":"2024-03-14T15:37:44Z"}],"name":"4eeca52e-e510-4a33-8a7d-9193f7d4d682","namespace":"30755683-f585-455f-b666-122770bddee8","resourceVersion":"235","uid":"f0f0aa24-2d3e-43da-a404-0e2423a3a2fe"},"spec":{"backoffLimit":6,"envConfigMapName":"openstack-aee-default-env","extraVars":{},"image":"test-image","name":"openstackansibleee","play":"\n- name: Print hello world\n  hosts: all\n  tasks:\n    - name: Using debug statement\n      ansible.builtin.debug:\n        msg: \"Hello, world this is ansibleee-play.yaml\"","playbook":"","preserveJobs":true,"restartPolicy":"Never","uid":1001}}}
  2024-03-14T16:37:44+01:00	INFO	Controllers.OpenStackAnsibleEE	OpenStackAnsibleEE resource not found. Ignoring since object must be deleted	{"controller": "openstackansibleee", "controllerGroup": "ansibleee.openstack.org", "controllerKind": "OpenStackAnsibleEE", "OpenStackAnsibleEE": {"name":"4eeca52e-e510-4a33-8a7d-9193f7d4d682","namespace":"30755683-f585-455f-b666-122770bddee8"}, "namespace": "30755683-f585-455f-b666-122770bddee8", "name": "4eeca52e-e510-4a33-8a7d-9193f7d4d682", "reconcileID": "08c1fe55-9320-4528-a15b-8b6161537984"}
  2024-03-14T16:37:44+01:00	INFO	---Test---	Deleted	{"Name": "4eeca52e-e510-4a33-8a7d-9193f7d4d682", "Namespace": "30755683-f585-455f-b666-122770bddee8", "Kind": "OpenStackAnsibleEE"}
  [38;5;243m<< Timeline[0m
[38;5;243m------------------------------[0m
[38;5;10m• [2.403 seconds][0m
[0mAnsibleee controller [38;5;243mwhen Ansibleee CR instance is created [0min a normal mode [38;5;10m[1mruns a job and reports when it succeeds[0m
[38;5;243m/home/jpodivin/repos/openstack-ansibleee-operator/tests/functional/ansibleee_controller_test.go:39[0m

  [38;5;243mTimeline >>[0m
  2024-03-14T16:37:42+01:00	INFO	---Test---	Creating	{"raw": {"apiVersion":"ansibleee.openstack.org/v1beta1","kind":"OpenStackAnsibleEE","metadata":{"name":"13d283ed-09d4-4ce9-8beb-5fdb0710844b","namespace":"e291d481-a086-4dd7-8724-fbb1b6334c10"},"spec":{"image":"test-image"}}}
  2024-03-14T16:37:42+01:00	INFO	Starting workers	{"controller": "openstackansibleee", "controllerGroup": "ansibleee.openstack.org", "controllerKind": "OpenStackAnsibleEE", "worker count": 1}
  2024-03-14T16:37:44+01:00	INFO	---Test---	ExpectConditionWithDetails	{"type": "AnsibleExecutionJobReady", "expected status": "False", "on": {"name":"13d283ed-09d4-4ce9-8beb-5fdb0710844b","namespace":"e291d481-a086-4dd7-8724-fbb1b6334c10"}}
  2024-03-14T16:37:44+01:00	INFO	Controllers.OpenStackAnsibleEE	Job ansibleee 13d283ed-09d4-4ce9-8beb-5fdb0710844b - created	{"controller": "openstackansibleee", "controllerGroup": "ansibleee.openstack.org", "controllerKind": "OpenStackAnsibleEE", "OpenStackAnsibleEE": {"name":"13d283ed-09d4-4ce9-8beb-5fdb0710844b","namespace":"e291d481-a086-4dd7-8724-fbb1b6334c10"}, "namespace": "e291d481-a086-4dd7-8724-fbb1b6334c10", "name": "13d283ed-09d4-4ce9-8beb-5fdb0710844b", "reconcileID": "fe3bd2e1-299c-4bd7-98c6-1ef67470b18d"}
  2024-03-14T16:37:44+01:00	INFO	Controllers.OpenStackAnsibleEE	Job Status incomplete... requeuing	{"controller": "openstackansibleee", "controllerGroup": "ansibleee.openstack.org", "controllerKind": "OpenStackAnsibleEE", "OpenStackAnsibleEE": {"name":"13d283ed-09d4-4ce9-8beb-5fdb0710844b","namespace":"e291d481-a086-4dd7-8724-fbb1b6334c10"}, "namespace": "e291d481-a086-4dd7-8724-fbb1b6334c10", "name": "13d283ed-09d4-4ce9-8beb-5fdb0710844b", "reconcileID": "ed053af1-413b-4937-b4df-e72702702641"}
  2024-03-14T16:37:44+01:00	INFO	---Test---	ExpectConditionWithDetails succeeded	{"type": "AnsibleExecutionJobReady", "expected status": "False", "on": {"name":"13d283ed-09d4-4ce9-8beb-5fdb0710844b","namespace":"e291d481-a086-4dd7-8724-fbb1b6334c10"}}
  2024-03-14T16:37:44+01:00	INFO	---Test---	ExpectCondition	{"type": "Ready", "expected status": "False", "on": {"name":"13d283ed-09d4-4ce9-8beb-5fdb0710844b","namespace":"e291d481-a086-4dd7-8724-fbb1b6334c10"}}
  2024-03-14T16:37:44+01:00	INFO	---Test---	ExpectCondition succeeded	{"type": "Ready", "expected status": "False", "on": {"name":"13d283ed-09d4-4ce9-8beb-5fdb0710844b","namespace":"e291d481-a086-4dd7-8724-fbb1b6334c10"}}
  2024-03-14T16:37:44+01:00	INFO	---Test---	Simulated Job success	{"on": {"name":"13d283ed-09d4-4ce9-8beb-5fdb0710844b","namespace":"e291d481-a086-4dd7-8724-fbb1b6334c10"}}
  2024-03-14T16:37:44+01:00	INFO	---Test---	ExpectCondition	{"type": "AnsibleExecutionJobReady", "expected status": "True", "on": {"name":"13d283ed-09d4-4ce9-8beb-5fdb0710844b","namespace":"e291d481-a086-4dd7-8724-fbb1b6334c10"}}
  2024-03-14T16:37:44+01:00	INFO	Controllers.OpenStackAnsibleEE	Job Status Successful	{"controller": "openstackansibleee", "controllerGroup": "ansibleee.openstack.org", "controllerKind": "OpenStackAnsibleEE", "OpenStackAnsibleEE": {"name":"13d283ed-09d4-4ce9-8beb-5fdb0710844b","namespace":"e291d481-a086-4dd7-8724-fbb1b6334c10"}, "namespace": "e291d481-a086-4dd7-8724-fbb1b6334c10", "name": "13d283ed-09d4-4ce9-8beb-5fdb0710844b", "reconcileID": "1cc125e0-2e27-4f74-b08c-b842e1591b89"}
  2024-03-14T16:37:44+01:00	INFO	Controllers.OpenStackAnsibleEE	AnsibleEE CR '13d283ed-09d4-4ce9-8beb-5fdb0710844b' - Job 13d283ed-09d4-4ce9-8beb-5fdb0710844b hash added - n9fh55bh548hc5h88hb4h78h5dch5bch55ch567h6ch66fh5f8hb6h594h659h598h5d7h697h57ch7bh5f6h549h697hb7h665h9bh5fbhbfh586hf9q	{"controller": "openstackansibleee", "controllerGroup": "ansibleee.openstack.org", "controllerKind": "OpenStackAnsibleEE", "OpenStackAnsibleEE": {"name":"13d283ed-09d4-4ce9-8beb-5fdb0710844b","namespace":"e291d481-a086-4dd7-8724-fbb1b6334c10"}, "namespace": "e291d481-a086-4dd7-8724-fbb1b6334c10", "name": "13d283ed-09d4-4ce9-8beb-5fdb0710844b", "reconcileID": "1cc125e0-2e27-4f74-b08c-b842e1591b89"}
  2024-03-14T16:37:44+01:00	INFO	Controllers.OpenStackAnsibleEE	Reconciled AnsibleEE '13d283ed-09d4-4ce9-8beb-5fdb0710844b' successfully	{"controller": "openstackansibleee", "controllerGroup": "ansibleee.openstack.org", "controllerKind": "OpenStackAnsibleEE", "OpenStackAnsibleEE": {"name":"13d283ed-09d4-4ce9-8beb-5fdb0710844b","namespace":"e291d481-a086-4dd7-8724-fbb1b6334c10"}, "namespace": "e291d481-a086-4dd7-8724-fbb1b6334c10", "name": "13d283ed-09d4-4ce9-8beb-5fdb0710844b", "reconcileID": "1cc125e0-2e27-4f74-b08c-b842e1591b89"}
  2024-03-14T16:37:44+01:00	INFO	Controllers.OpenStackAnsibleEE	Reconciled AnsibleEE '13d283ed-09d4-4ce9-8beb-5fdb0710844b' successfully	{"controller": "openstackansibleee", "controllerGroup": "ansibleee.openstack.org", "controllerKind": "OpenStackAnsibleEE", "OpenStackAnsibleEE": {"name":"13d283ed-09d4-4ce9-8beb-5fdb0710844b","namespace":"e291d481-a086-4dd7-8724-fbb1b6334c10"}, "namespace": "e291d481-a086-4dd7-8724-fbb1b6334c10", "name": "13d283ed-09d4-4ce9-8beb-5fdb0710844b", "reconcileID": "a15d3420-9214-4150-a304-c4408e47544b"}
  2024-03-14T16:37:44+01:00	INFO	---Test---	ExpectCondition succeeded	{"type": "AnsibleExecutionJobReady", "expected status": "True", "on": {"name":"13d283ed-09d4-4ce9-8beb-5fdb0710844b","namespace":"e291d481-a086-4dd7-8724-fbb1b6334c10"}}
  2024-03-14T16:37:44+01:00	INFO	---Test---	ExpectCondition	{"type": "Ready", "expected status": "True", "on": {"name":"13d283ed-09d4-4ce9-8beb-5fdb0710844b","namespace":"e291d481-a086-4dd7-8724-fbb1b6334c10"}}
  2024-03-14T16:37:44+01:00	INFO	---Test---	ExpectCondition succeeded	{"type": "Ready", "expected status": "True", "on": {"name":"13d283ed-09d4-4ce9-8beb-5fdb0710844b","namespace":"e291d481-a086-4dd7-8724-fbb1b6334c10"}}
  2024-03-14T16:37:44+01:00	INFO	---Test---	Deleting	{"Name": "13d283ed-09d4-4ce9-8beb-5fdb0710844b", "Namespace": "e291d481-a086-4dd7-8724-fbb1b6334c10", "Kind": {"apiVersion":"ansibleee.openstack.org/v1beta1","kind":"OpenStackAnsibleEE","metadata":{"creationTimestamp":"2024-03-14T15:37:44Z","generation":1,"managedFields":[{"apiVersion":"ansibleee.openstack.org/v1beta1","fieldsType":"FieldsV1","fieldsV1":{"f:spec":{".":{},"f:backoffLimit":{},"f:envConfigMapName":{},"f:image":{},"f:name":{},"f:preserveJobs":{},"f:restartPolicy":{},"f:uid":{}}},"manager":"functional.test","operation":"Update","time":"2024-03-14T15:37:44Z"}],"name":"13d283ed-09d4-4ce9-8beb-5fdb0710844b","namespace":"e291d481-a086-4dd7-8724-fbb1b6334c10","resourceVersion":"198","uid":"aa51eb4e-79d6-446c-9737-cbfea6cef3e9"},"spec":{"backoffLimit":6,"envConfigMapName":"openstack-aee-default-env","image":"test-image","name":"openstackansibleee","preserveJobs":true,"restartPolicy":"Never","uid":1001}}}
  2024-03-14T16:37:44+01:00	INFO	Controllers.OpenStackAnsibleEE	OpenStackAnsibleEE resource not found. Ignoring since object must be deleted	{"controller": "openstackansibleee", "controllerGroup": "ansibleee.openstack.org", "controllerKind": "OpenStackAnsibleEE", "OpenStackAnsibleEE": {"name":"13d283ed-09d4-4ce9-8beb-5fdb0710844b","namespace":"e291d481-a086-4dd7-8724-fbb1b6334c10"}, "namespace": "e291d481-a086-4dd7-8724-fbb1b6334c10", "name": "13d283ed-09d4-4ce9-8beb-5fdb0710844b", "reconcileID": "4f3d29b2-d607-44eb-ac32-e109ac8c36ea"}
  2024-03-14T16:37:44+01:00	INFO	---Test---	Deleted	{"Name": "13d283ed-09d4-4ce9-8beb-5fdb0710844b", "Namespace": "e291d481-a086-4dd7-8724-fbb1b6334c10", "Kind": "OpenStackAnsibleEE"}
  [38;5;243m<< Timeline[0m
[38;5;243m------------------------------[0m
[38;5;10m• [2.644 seconds][0m
[0mAnsibleee controller [38;5;243mwhen Ansibleee CR instance is created [0min a normal mode [38;5;10m[1mre-runs the job if the input of the job changes[0m
[38;5;243m/home/jpodivin/repos/openstack-ansibleee-operator/tests/functional/ansibleee_controller_test.go:122[0m

  [38;5;243mTimeline >>[0m
  2024-03-14T16:37:42+01:00	INFO	---Test---	Creating	{"raw": {"apiVersion":"ansibleee.openstack.org/v1beta1","kind":"OpenStackAnsibleEE","metadata":{"name":"72b7bbe5-db16-4f11-9361-242a15c7212f","namespace":"6fd65ec2-1985-402b-be5e-bdcea43eed4b"},"spec":{"image":"test-image"}}}
  2024-03-14T16:37:42+01:00	INFO	Starting workers	{"controller": "openstackansibleee", "controllerGroup": "ansibleee.openstack.org", "controllerKind": "OpenStackAnsibleEE", "worker count": 1}
  2024-03-14T16:37:44+01:00	INFO	---Test---	ExpectConditionWithDetails	{"type": "AnsibleExecutionJobReady", "expected status": "False", "on": {"name":"72b7bbe5-db16-4f11-9361-242a15c7212f","namespace":"6fd65ec2-1985-402b-be5e-bdcea43eed4b"}}
  2024-03-14T16:37:44+01:00	INFO	Controllers.OpenStackAnsibleEE	Job ansibleee 72b7bbe5-db16-4f11-9361-242a15c7212f - created	{"controller": "openstackansibleee", "controllerGroup": "ansibleee.openstack.org", "controllerKind": "OpenStackAnsibleEE", "OpenStackAnsibleEE": {"name":"72b7bbe5-db16-4f11-9361-242a15c7212f","namespace":"6fd65ec2-1985-402b-be5e-bdcea43eed4b"}, "namespace": "6fd65ec2-1985-402b-be5e-bdcea43eed4b", "name": "72b7bbe5-db16-4f11-9361-242a15c7212f", "reconcileID": "651912f2-700a-4c1e-867d-b3d383dedb97"}
  2024-03-14T16:37:44+01:00	INFO	Controllers.OpenStackAnsibleEE	Job Status incomplete... requeuing	{"controller": "openstackansibleee", "controllerGroup": "ansibleee.openstack.org", "controllerKind": "OpenStackAnsibleEE", "OpenStackAnsibleEE": {"name":"72b7bbe5-db16-4f11-9361-242a15c7212f","namespace":"6fd65ec2-1985-402b-be5e-bdcea43eed4b"}, "namespace": "6fd65ec2-1985-402b-be5e-bdcea43eed4b", "name": "72b7bbe5-db16-4f11-9361-242a15c7212f", "reconcileID": "809c687d-5a49-4aa7-9fc7-1d5f0ed7c01b"}
  2024-03-14T16:37:44+01:00	INFO	Controllers.OpenStackAnsibleEE	Job Status incomplete... requeuing	{"controller": "openstackansibleee", "controllerGroup": "ansibleee.openstack.org", "controllerKind": "OpenStackAnsibleEE", "OpenStackAnsibleEE": {"name":"72b7bbe5-db16-4f11-9361-242a15c7212f","namespace":"6fd65ec2-1985-402b-be5e-bdcea43eed4b"}, "namespace": "6fd65ec2-1985-402b-be5e-bdcea43eed4b", "name": "72b7bbe5-db16-4f11-9361-242a15c7212f", "reconcileID": "f4664b52-30c9-41b3-8d6b-bd56d3766acd"}
  2024-03-14T16:37:44+01:00	INFO	---Test---	ExpectConditionWithDetails succeeded	{"type": "AnsibleExecutionJobReady", "expected status": "False", "on": {"name":"72b7bbe5-db16-4f11-9361-242a15c7212f","namespace":"6fd65ec2-1985-402b-be5e-bdcea43eed4b"}}
  2024-03-14T16:37:44+01:00	INFO	---Test---	ExpectCondition	{"type": "Ready", "expected status": "False", "on": {"name":"72b7bbe5-db16-4f11-9361-242a15c7212f","namespace":"6fd65ec2-1985-402b-be5e-bdcea43eed4b"}}
  2024-03-14T16:37:44+01:00	INFO	---Test---	ExpectCondition succeeded	{"type": "Ready", "expected status": "False", "on": {"name":"72b7bbe5-db16-4f11-9361-242a15c7212f","namespace":"6fd65ec2-1985-402b-be5e-bdcea43eed4b"}}
  2024-03-14T16:37:44+01:00	INFO	---Test---	Simulated Job success	{"on": {"name":"72b7bbe5-db16-4f11-9361-242a15c7212f","namespace":"6fd65ec2-1985-402b-be5e-bdcea43eed4b"}}
  2024-03-14T16:37:44+01:00	INFO	---Test---	ExpectCondition	{"type": "AnsibleExecutionJobReady", "expected status": "True", "on": {"name":"72b7bbe5-db16-4f11-9361-242a15c7212f","namespace":"6fd65ec2-1985-402b-be5e-bdcea43eed4b"}}
  2024-03-14T16:37:44+01:00	INFO	Controllers.OpenStackAnsibleEE	Job Status Successful	{"controller": "openstackansibleee", "controllerGroup": "ansibleee.openstack.org", "controllerKind": "OpenStackAnsibleEE", "OpenStackAnsibleEE": {"name":"72b7bbe5-db16-4f11-9361-242a15c7212f","namespace":"6fd65ec2-1985-402b-be5e-bdcea43eed4b"}, "namespace": "6fd65ec2-1985-402b-be5e-bdcea43eed4b", "name": "72b7bbe5-db16-4f11-9361-242a15c7212f", "reconcileID": "30782923-1399-4b4f-8f1d-f44bd570ce58"}
  2024-03-14T16:37:44+01:00	INFO	Controllers.OpenStackAnsibleEE	AnsibleEE CR '72b7bbe5-db16-4f11-9361-242a15c7212f' - Job 72b7bbe5-db16-4f11-9361-242a15c7212f hash added - n545h5f9h5c8hcdh547h698h689hf8h5d4h7hdh79h64h67dh569h575h68fh7hf8h5b6h5h77h67bh645h688h5d9h5bh5c9h55fh57h576h64fq	{"controller": "openstackansibleee", "controllerGroup": "ansibleee.openstack.org", "controllerKind": "OpenStackAnsibleEE", "OpenStackAnsibleEE": {"name":"72b7bbe5-db16-4f11-9361-242a15c7212f","namespace":"6fd65ec2-1985-402b-be5e-bdcea43eed4b"}, "namespace": "6fd65ec2-1985-402b-be5e-bdcea43eed4b", "name": "72b7bbe5-db16-4f11-9361-242a15c7212f", "reconcileID": "30782923-1399-4b4f-8f1d-f44bd570ce58"}
  2024-03-14T16:37:44+01:00	INFO	Controllers.OpenStackAnsibleEE	Reconciled AnsibleEE '72b7bbe5-db16-4f11-9361-242a15c7212f' successfully	{"controller": "openstackansibleee", "controllerGroup": "ansibleee.openstack.org", "controllerKind": "OpenStackAnsibleEE", "OpenStackAnsibleEE": {"name":"72b7bbe5-db16-4f11-9361-242a15c7212f","namespace":"6fd65ec2-1985-402b-be5e-bdcea43eed4b"}, "namespace": "6fd65ec2-1985-402b-be5e-bdcea43eed4b", "name": "72b7bbe5-db16-4f11-9361-242a15c7212f", "reconcileID": "30782923-1399-4b4f-8f1d-f44bd570ce58"}
  2024-03-14T16:37:44+01:00	INFO	Controllers.OpenStackAnsibleEE	Reconciled AnsibleEE '72b7bbe5-db16-4f11-9361-242a15c7212f' successfully	{"controller": "openstackansibleee", "controllerGroup": "ansibleee.openstack.org", "controllerKind": "OpenStackAnsibleEE", "OpenStackAnsibleEE": {"name":"72b7bbe5-db16-4f11-9361-242a15c7212f","namespace":"6fd65ec2-1985-402b-be5e-bdcea43eed4b"}, "namespace": "6fd65ec2-1985-402b-be5e-bdcea43eed4b", "name": "72b7bbe5-db16-4f11-9361-242a15c7212f", "reconcileID": "fe407953-ac7b-40a0-9757-7668299698de"}
  2024-03-14T16:37:44+01:00	INFO	---Test---	ExpectCondition succeeded	{"type": "AnsibleExecutionJobReady", "expected status": "True", "on": {"name":"72b7bbe5-db16-4f11-9361-242a15c7212f","namespace":"6fd65ec2-1985-402b-be5e-bdcea43eed4b"}}
  2024-03-14T16:37:44+01:00	INFO	---Test---	Updated Ansibleee CR
  2024-03-14T16:37:44+01:00	INFO	---Test---	ExpectConditionWithDetails	{"type": "AnsibleExecutionJobReady", "expected status": "False", "on": {"name":"72b7bbe5-db16-4f11-9361-242a15c7212f","namespace":"6fd65ec2-1985-402b-be5e-bdcea43eed4b"}}
  2024-03-14T16:37:44+01:00	INFO	Controllers.OpenStackAnsibleEE	The hash of the job changed but the previously succeeded job still exists. Deleting old job and requeueing.	{"controller": "openstackansibleee", "controllerGroup": "ansibleee.openstack.org", "controllerKind": "OpenStackAnsibleEE", "OpenStackAnsibleEE": {"name":"72b7bbe5-db16-4f11-9361-242a15c7212f","namespace":"6fd65ec2-1985-402b-be5e-bdcea43eed4b"}, "namespace": "6fd65ec2-1985-402b-be5e-bdcea43eed4b", "name": "72b7bbe5-db16-4f11-9361-242a15c7212f", "reconcileID": "7f78c3f3-0366-4cb1-b367-c8d6c13e5ad4"}
  2024-03-14T16:37:44+01:00	INFO	Controllers.OpenStackAnsibleEE	Deleting Job	{"controller": "openstackansibleee", "controllerGroup": "ansibleee.openstack.org", "controllerKind": "OpenStackAnsibleEE", "OpenStackAnsibleEE": {"name":"72b7bbe5-db16-4f11-9361-242a15c7212f","namespace":"6fd65ec2-1985-402b-be5e-bdcea43eed4b"}, "namespace": "6fd65ec2-1985-402b-be5e-bdcea43eed4b", "name": "72b7bbe5-db16-4f11-9361-242a15c7212f", "reconcileID": "7f78c3f3-0366-4cb1-b367-c8d6c13e5ad4", "Job.Namespace": "6fd65ec2-1985-402b-be5e-bdcea43eed4b", "Job.Name": "72b7bbe5-db16-4f11-9361-242a15c7212f"}
  2024-03-14T16:37:44+01:00	INFO	Controllers.OpenStackAnsibleEE	Job ansibleee 72b7bbe5-db16-4f11-9361-242a15c7212f - created	{"controller": "openstackansibleee", "controllerGroup": "ansibleee.openstack.org", "controllerKind": "OpenStackAnsibleEE", "OpenStackAnsibleEE": {"name":"72b7bbe5-db16-4f11-9361-242a15c7212f","namespace":"6fd65ec2-1985-402b-be5e-bdcea43eed4b"}, "namespace": "6fd65ec2-1985-402b-be5e-bdcea43eed4b", "name": "72b7bbe5-db16-4f11-9361-242a15c7212f", "reconcileID": "8528074b-3108-47f2-b693-029cce5a7215"}
  2024-03-14T16:37:44+01:00	INFO	Controllers.OpenStackAnsibleEE	Job Status incomplete... requeuing	{"controller": "openstackansibleee", "controllerGroup": "ansibleee.openstack.org", "controllerKind": "OpenStackAnsibleEE", "OpenStackAnsibleEE": {"name":"72b7bbe5-db16-4f11-9361-242a15c7212f","namespace":"6fd65ec2-1985-402b-be5e-bdcea43eed4b"}, "namespace": "6fd65ec2-1985-402b-be5e-bdcea43eed4b", "name": "72b7bbe5-db16-4f11-9361-242a15c7212f", "reconcileID": "50c8d6b1-1262-4842-a69d-41508b0c53e2"}
  2024-03-14T16:37:44+01:00	INFO	---Test---	ExpectConditionWithDetails succeeded	{"type": "AnsibleExecutionJobReady", "expected status": "False", "on": {"name":"72b7bbe5-db16-4f11-9361-242a15c7212f","namespace":"6fd65ec2-1985-402b-be5e-bdcea43eed4b"}}
  2024-03-14T16:37:44+01:00	INFO	---Test---	Simulated Job success	{"on": {"name":"72b7bbe5-db16-4f11-9361-242a15c7212f","namespace":"6fd65ec2-1985-402b-be5e-bdcea43eed4b"}}
  2024-03-14T16:37:44+01:00	INFO	---Test---	ExpectCondition	{"type": "AnsibleExecutionJobReady", "expected status": "True", "on": {"name":"72b7bbe5-db16-4f11-9361-242a15c7212f","namespace":"6fd65ec2-1985-402b-be5e-bdcea43eed4b"}}
  2024-03-14T16:37:44+01:00	INFO	Controllers.OpenStackAnsibleEE	Job Status Successful	{"controller": "openstackansibleee", "controllerGroup": "ansibleee.openstack.org", "controllerKind": "OpenStackAnsibleEE", "OpenStackAnsibleEE": {"name":"72b7bbe5-db16-4f11-9361-242a15c7212f","namespace":"6fd65ec2-1985-402b-be5e-bdcea43eed4b"}, "namespace": "6fd65ec2-1985-402b-be5e-bdcea43eed4b", "name": "72b7bbe5-db16-4f11-9361-242a15c7212f", "reconcileID": "d3a4f4a1-5d1e-4982-89e2-e0d11c75c4bb"}
  2024-03-14T16:37:44+01:00	INFO	Controllers.OpenStackAnsibleEE	AnsibleEE CR '72b7bbe5-db16-4f11-9361-242a15c7212f' - Job 72b7bbe5-db16-4f11-9361-242a15c7212f hash added - n658hbch75h66h64fh654h5d5hfdhc8h54fhd6h647h57chbfh77hfch654h5b7h85h577h55ch568h96h67bh67fh6ch64bhc8h87h65bh5fh5d9q	{"controller": "openstackansibleee", "controllerGroup": "ansibleee.openstack.org", "controllerKind": "OpenStackAnsibleEE", "OpenStackAnsibleEE": {"name":"72b7bbe5-db16-4f11-9361-242a15c7212f","namespace":"6fd65ec2-1985-402b-be5e-bdcea43eed4b"}, "namespace": "6fd65ec2-1985-402b-be5e-bdcea43eed4b", "name": "72b7bbe5-db16-4f11-9361-242a15c7212f", "reconcileID": "d3a4f4a1-5d1e-4982-89e2-e0d11c75c4bb"}
  2024-03-14T16:37:44+01:00	INFO	Controllers.OpenStackAnsibleEE	Reconciled AnsibleEE '72b7bbe5-db16-4f11-9361-242a15c7212f' successfully	{"controller": "openstackansibleee", "controllerGroup": "ansibleee.openstack.org", "controllerKind": "OpenStackAnsibleEE", "OpenStackAnsibleEE": {"name":"72b7bbe5-db16-4f11-9361-242a15c7212f","namespace":"6fd65ec2-1985-402b-be5e-bdcea43eed4b"}, "namespace": "6fd65ec2-1985-402b-be5e-bdcea43eed4b", "name": "72b7bbe5-db16-4f11-9361-242a15c7212f", "reconcileID": "d3a4f4a1-5d1e-4982-89e2-e0d11c75c4bb"}
  2024-03-14T16:37:44+01:00	INFO	Controllers.OpenStackAnsibleEE	Reconciled AnsibleEE '72b7bbe5-db16-4f11-9361-242a15c7212f' successfully	{"controller": "openstackansibleee", "controllerGroup": "ansibleee.openstack.org", "controllerKind": "OpenStackAnsibleEE", "OpenStackAnsibleEE": {"name":"72b7bbe5-db16-4f11-9361-242a15c7212f","namespace":"6fd65ec2-1985-402b-be5e-bdcea43eed4b"}, "namespace": "6fd65ec2-1985-402b-be5e-bdcea43eed4b", "name": "72b7bbe5-db16-4f11-9361-242a15c7212f", "reconcileID": "42291a6e-ce11-4ca9-9e6d-6682ed48cdeb"}
  2024-03-14T16:37:45+01:00	INFO	---Test---	ExpectCondition succeeded	{"type": "AnsibleExecutionJobReady", "expected status": "True", "on": {"name":"72b7bbe5-db16-4f11-9361-242a15c7212f","namespace":"6fd65ec2-1985-402b-be5e-bdcea43eed4b"}}
  2024-03-14T16:37:45+01:00	INFO	---Test---	Deleting	{"Name": "72b7bbe5-db16-4f11-9361-242a15c7212f", "Namespace": "6fd65ec2-1985-402b-be5e-bdcea43eed4b", "Kind": {"apiVersion":"ansibleee.openstack.org/v1beta1","kind":"OpenStackAnsibleEE","metadata":{"creationTimestamp":"2024-03-14T15:37:44Z","generation":1,"managedFields":[{"apiVersion":"ansibleee.openstack.org/v1beta1","fieldsType":"FieldsV1","fieldsV1":{"f:spec":{".":{},"f:backoffLimit":{},"f:envConfigMapName":{},"f:image":{},"f:name":{},"f:preserveJobs":{},"f:restartPolicy":{},"f:uid":{}}},"manager":"functional.test","operation":"Update","time":"2024-03-14T15:37:44Z"}],"name":"72b7bbe5-db16-4f11-9361-242a15c7212f","namespace":"6fd65ec2-1985-402b-be5e-bdcea43eed4b","resourceVersion":"198","uid":"b5af2ad1-bb52-4264-801d-b0030ef4459a"},"spec":{"backoffLimit":6,"envConfigMapName":"openstack-aee-default-env","image":"test-image","name":"openstackansibleee","preserveJobs":true,"restartPolicy":"Never","uid":1001}}}
  2024-03-14T16:37:45+01:00	INFO	Controllers.OpenStackAnsibleEE	OpenStackAnsibleEE resource not found. Ignoring since object must be deleted	{"controller": "openstackansibleee", "controllerGroup": "ansibleee.openstack.org", "controllerKind": "OpenStackAnsibleEE", "OpenStackAnsibleEE": {"name":"72b7bbe5-db16-4f11-9361-242a15c7212f","namespace":"6fd65ec2-1985-402b-be5e-bdcea43eed4b"}, "namespace": "6fd65ec2-1985-402b-be5e-bdcea43eed4b", "name": "72b7bbe5-db16-4f11-9361-242a15c7212f", "reconcileID": "2a1fde32-7e3d-46d2-8df7-e0207e1d235b"}
  2024-03-14T16:37:45+01:00	INFO	---Test---	Deleted	{"Name": "72b7bbe5-db16-4f11-9361-242a15c7212f", "Namespace": "6fd65ec2-1985-402b-be5e-bdcea43eed4b", "Kind": "OpenStackAnsibleEE"}
  [38;5;243m<< Timeline[0m
[38;5;243m------------------------------[0m
[38;5;10m[AfterSuite] PASSED [1.135 seconds][0m
[38;5;10m[1m[AfterSuite] [0m
[38;5;243m/home/jpodivin/repos/openstack-ansibleee-operator/tests/functional/suite_test.go:135[0m

  [38;5;243mTimeline >>[0m
  [1mSTEP:[0m tearing down the test environment [38;5;243m@ 03/14/24 16:37:44.733[0m
  2024-03-14T16:37:44+01:00	INFO	Stopping and waiting for non leader election runnables
  2024-03-14T16:37:44+01:00	INFO	Stopping and waiting for leader election runnables
  2024-03-14T16:37:44+01:00	INFO	Shutdown signal received, waiting for all workers to finish	{"controller": "openstackansibleee", "controllerGroup": "ansibleee.openstack.org", "controllerKind": "OpenStackAnsibleEE"}
  2024-03-14T16:37:44+01:00	INFO	All workers finished	{"controller": "openstackansibleee", "controllerGroup": "ansibleee.openstack.org", "controllerKind": "OpenStackAnsibleEE"}
  2024-03-14T16:37:44+01:00	INFO	Stopping and waiting for caches
  2024-03-14T16:37:44+01:00	INFO	Stopping and waiting for webhooks
  2024-03-14T16:37:44+01:00	INFO	Stopping and waiting for HTTP servers
  2024-03-14T16:37:44+01:00	INFO	Wait completed, proceeding to shutdown the manager
  [38;5;243m<< Timeline[0m
[38;5;243m------------------------------[0m
[38;5;10m[AfterSuite] PASSED [1.138 seconds][0m
[38;5;10m[1m[AfterSuite] [0m
[38;5;243m/home/jpodivin/repos/openstack-ansibleee-operator/tests/functional/suite_test.go:135[0m

  [38;5;243mTimeline >>[0m
  [1mSTEP:[0m tearing down the test environment [38;5;243m@ 03/14/24 16:37:44.992[0m
  2024-03-14T16:37:44+01:00	INFO	Stopping and waiting for non leader election runnables
  2024-03-14T16:37:44+01:00	INFO	Stopping and waiting for leader election runnables
  2024-03-14T16:37:44+01:00	INFO	Shutdown signal received, waiting for all workers to finish	{"controller": "openstackansibleee", "controllerGroup": "ansibleee.openstack.org", "controllerKind": "OpenStackAnsibleEE"}
  2024-03-14T16:37:44+01:00	INFO	All workers finished	{"controller": "openstackansibleee", "controllerGroup": "ansibleee.openstack.org", "controllerKind": "OpenStackAnsibleEE"}
  2024-03-14T16:37:44+01:00	INFO	Stopping and waiting for caches
  2024-03-14T16:37:44+01:00	INFO	Stopping and waiting for webhooks
  2024-03-14T16:37:44+01:00	INFO	Stopping and waiting for HTTP servers
  2024-03-14T16:37:44+01:00	INFO	Wait completed, proceeding to shutdown the manager
  [38;5;243m<< Timeline[0m
[38;5;243m------------------------------[0m
[38;5;10m[AfterSuite] PASSED [1.110 seconds][0m
[38;5;10m[1m[AfterSuite] [0m
[38;5;243m/home/jpodivin/repos/openstack-ansibleee-operator/tests/functional/suite_test.go:135[0m

  [38;5;243mTimeline >>[0m
  [1mSTEP:[0m tearing down the test environment [38;5;243m@ 03/14/24 16:37:45.07[0m
  2024-03-14T16:37:45+01:00	INFO	Stopping and waiting for non leader election runnables
  2024-03-14T16:37:45+01:00	INFO	Stopping and waiting for leader election runnables
  2024-03-14T16:37:45+01:00	INFO	Shutdown signal received, waiting for all workers to finish	{"controller": "openstackansibleee", "controllerGroup": "ansibleee.openstack.org", "controllerKind": "OpenStackAnsibleEE"}
  2024-03-14T16:37:45+01:00	INFO	All workers finished	{"controller": "openstackansibleee", "controllerGroup": "ansibleee.openstack.org", "controllerKind": "OpenStackAnsibleEE"}
  2024-03-14T16:37:45+01:00	INFO	Stopping and waiting for caches
  2024-03-14T16:37:45+01:00	INFO	Stopping and waiting for webhooks
  2024-03-14T16:37:45+01:00	INFO	Stopping and waiting for HTTP servers
  2024-03-14T16:37:45+01:00	INFO	Wait completed, proceeding to shutdown the manager
  [38;5;243m<< Timeline[0m
[38;5;243m------------------------------[0m

[38;5;10m[1mRan 7 of 7 Specs in 7.067 seconds[0m
[38;5;10m[1mSUCCESS![0m -- [38;5;10m[1m7 Passed[0m | [38;5;9m[1m0 Failed[0m | [38;5;11m[1m0 Pending[0m | [38;5;14m[1m0 Skipped[0m

coverage: 62.3% of statements
composite coverage: 62.3% of statements

Ginkgo ran 1 suite in 9.187762354s
Test Suite Passed
